<?xml version="1.0" encoding="UTF-8"?>
<testsuite name="FoldRightTests" tests="5" skipped="0" failures="1" errors="0" timestamp="2020-03-12T15:15:47" hostname="Andrews-MacBook-Pro-2.local" time="0.481">
  <properties/>
  <testcase name="fold on a two-item list yields the expected()" classname="FoldRightTests" time="0.051"/>
  <testcase name="Product of two integers()" classname="FoldRightTests" time="0.001"/>
  <testcase name="fold on an empty list yields the seed()" classname="FoldRightTests" time="0.002"/>
  <testcase name="fold on a very large list()" classname="FoldRightTests" time="0.424">
    <failure message="java.lang.StackOverflowError" type="java.lang.StackOverflowError">java.lang.StackOverflowError
	at com.harmellaw.kotlin.ListExtensionsKt.getTail(ListExtensions.kt:3)
	at com.harmellaw.kotlin.FoldingKt.foldRightOverflows(Folding.kt:20)
	at com.harmellaw.kotlin.FoldingKt.foldRightOverflows(Folding.kt:20)
	at com.harmellaw.kotlin.FoldingKt.foldRightOverflows(Folding.kt:20)
	at com.harmellaw.kotlin.FoldingKt.foldRightOverflows(Folding.kt:20)
	at com.harmellaw.kotlin.FoldingKt.foldRightOverflows(Folding.kt:20)
	at com.harmellaw.kotlin.FoldingKt.foldRightOverflows(Folding.kt:20)
	at com.harmellaw.kotlin.FoldingKt.foldRightOverflows(Folding.kt:20)
	at com.harmellaw.kotlin.FoldingKt.foldRightOverflows(Folding.kt:20)
	at com.harmellaw.kotlin.FoldingKt.foldRightOverflows(Folding.kt:20)
	at com.harmellaw.kotlin.FoldingKt.foldRightOverflows(Folding.kt:20)
	at com.harmellaw.kotlin.FoldingKt.foldRightOverflows(Folding.kt:20)
	at com.harmellaw.kotlin.FoldingKt.foldRightOverflows(Folding.kt:20)
	at com.harmellaw.kotlin.FoldingKt.foldRightOverflows(Folding.kt:20)
	at com.harmellaw.kotlin.FoldingKt.foldRightOverflows(Folding.kt:20)
	at com.harmellaw.kotlin.FoldingKt.foldRightOverflows(Folding.kt:20)
	at com.harmellaw.kotlin.FoldingKt.foldRightOverflows(Folding.kt:20)
	at com.harmellaw.kotlin.FoldingKt.foldRightOverflows(Folding.kt:20)
	at com.harmellaw.kotlin.FoldingKt.foldRightOverflows(Folding.kt:20)
	at com.harmellaw.kotlin.FoldingKt.foldRightOverflows(Folding.kt:20)
	at com.harmellaw.kotlin.FoldingKt.foldRightOverflows(Folding.kt:20)
	at com.harmellaw.kotlin.FoldingKt.foldRightOverflows(Folding.kt:20)
	at com.harmellaw.kotlin.FoldingKt.foldRightOverflows(Folding.kt:20)
	at com.harmellaw.kotlin.FoldingKt.foldRightOverflows(Folding.kt:20)
	at com.harmellaw.kotlin.FoldingKt.foldRightOverflows(Folding.kt:20)
	at com.harmellaw.kotlin.FoldingKt.foldRightOverflows(Folding.kt:20)
	at com.harmellaw.kotlin.FoldingKt.foldRightOverflows(Folding.kt:20)
	at com.harmellaw.kotlin.FoldingKt.foldRightOverflows(Folding.kt:20)
	at com.harmellaw.kotlin.FoldingKt.foldRightOverflows(Folding.kt:20)
	at com.harmellaw.kotlin.FoldingKt.foldRightOverflows(Folding.kt:20)
	at com.harmellaw.kotlin.FoldingKt.foldRightOverflows(Folding.kt:20)
	at com.harmellaw.kotlin.FoldingKt.foldRightOverflows(Folding.kt:20)
	at com.harmellaw.kotlin.FoldingKt.foldRightOverflows(Folding.kt:20)
	at com.harmellaw.kotlin.FoldingKt.foldRightOverflows(Folding.kt:20)
	at com.harmellaw.kotlin.FoldingKt.foldRightOverflows(Folding.kt:20)
	at com.harmellaw.kotlin.FoldingKt.foldRightOverflows(Folding.kt:20)
	at com.harmellaw.kotlin.FoldingKt.foldRightOverflows(Folding.kt:20)
	at com.harmellaw.kotlin.FoldingKt.foldRightOverflows(Folding.kt:20)
	at com.harmellaw.kotlin.FoldingKt.foldRightOverflows(Folding.kt:20)
	at com.harmellaw.kotlin.FoldingKt.foldRightOverflows(Folding.kt:20)
	at com.harmellaw.kotlin.FoldingKt.foldRightOverflows(Folding.kt:20)
	at com.harmellaw.kotlin.FoldingKt.foldRightOverflows(Folding.kt:20)
	at com.harmellaw.kotlin.FoldingKt.foldRightOverflows(Folding.kt:20)
	at com.harmellaw.kotlin.FoldingKt.foldRightOverflows(Folding.kt:20)
	at com.harmellaw.kotlin.FoldingKt.foldRightOverflows(Folding.kt:20)
	at com.harmellaw.kotlin.FoldingKt.foldRightOverflows(Folding.kt:20)
	at com.harmellaw.kotlin.FoldingKt.foldRightOverflows(Folding.kt:20)
	at com.harmellaw.kotlin.FoldingKt.foldRightOverflows(Folding.kt:20)
	at com.harmellaw.kotlin.FoldingKt.foldRightOverflows(Folding.kt:20)
	at com.harmellaw.kotlin.FoldingKt.foldRightOverflows(Folding.kt:20)
	at com.harmellaw.kotlin.FoldingKt.foldRightOverflows(Folding.kt:20)
	at com.harmellaw.kotlin.FoldingKt.foldRightOverflows(Folding.kt:20)
	at com.harmellaw.kotlin.FoldingKt.foldRightOverflows(Folding.kt:20)
	at com.harmellaw.kotlin.FoldingKt.foldRightOverflows(Folding.kt:20)
	at com.harmellaw.kotlin.FoldingKt.foldRightOverflows(Folding.kt:20)
	at com.harmellaw.kotlin.FoldingKt.foldRightOverflows(Folding.kt:20)
	at com.harmellaw.kotlin.FoldingKt.foldRightOverflows(Folding.kt:20)
	at com.harmellaw.kotlin.FoldingKt.foldRightOverflows(Folding.kt:20)
	at com.harmellaw.kotlin.FoldingKt.foldRightOverflows(Folding.kt:20)
	at com.harmellaw.kotlin.FoldingKt.foldRightOverflows(Folding.kt:20)
	at com.harmellaw.kotlin.FoldingKt.foldRightOverflows(Folding.kt:20)
	at com.harmellaw.kotlin.FoldingKt.foldRightOverflows(Folding.kt:20)
	at com.harmellaw.kotlin.FoldingKt.foldRightOverflows(Folding.kt:20)
	at com.harmellaw.kotlin.FoldingKt.foldRightOverflows(Folding.kt:20)
	at com.harmellaw.kotlin.FoldingKt.foldRightOverflows(Folding.kt:20)
	at com.harmellaw.kotlin.FoldingKt.foldRightOverflows(Folding.kt:20)
	at com.harmellaw.kotlin.FoldingKt.foldRightOverflows(Folding.kt:20)
	at com.harmellaw.kotlin.FoldingKt.foldRightOverflows(Folding.kt:20)
	at com.harmellaw.kotlin.FoldingKt.foldRightOverflows(Folding.kt:20)
	at com.harmellaw.kotlin.FoldingKt.foldRightOverflows(Folding.kt:20)
	at com.harmellaw.kotlin.FoldingKt.foldRightOverflows(Folding.kt:20)
	at com.harmellaw.kotlin.FoldingKt.foldRightOverflows(Folding.kt:20)
	at com.harmellaw.kotlin.FoldingKt.foldRightOverflows(Folding.kt:20)
	at com.harmellaw.kotlin.FoldingKt.foldRightOverflows(Folding.kt:20)
	at com.harmellaw.kotlin.FoldingKt.foldRightOverflows(Folding.kt:20)
	at com.harmellaw.kotlin.FoldingKt.foldRightOverflows(Folding.kt:20)
	at com.harmellaw.kotlin.FoldingKt.foldRightOverflows(Folding.kt:20)
	at com.harmellaw.kotlin.FoldingKt.foldRightOverflows(Folding.kt:20)
	at com.harmellaw.kotlin.FoldingKt.foldRightOverflows(Folding.kt:20)
	at com.harmellaw.kotlin.FoldingKt.foldRightOverflows(Folding.kt:20)
	at com.harmellaw.kotlin.FoldingKt.foldRightOverflows(Folding.kt:20)
	at com.harmellaw.kotlin.FoldingKt.foldRightOverflows(Folding.kt:20)
	at com.harmellaw.kotlin.FoldingKt.foldRightOverflows(Folding.kt:20)
	at com.harmellaw.kotlin.FoldingKt.foldRightOverflows(Folding.kt:20)
	at com.harmellaw.kotlin.FoldingKt.foldRightOverflows(Folding.kt:20)
	at com.harmellaw.kotlin.FoldingKt.foldRightOverflows(Folding.kt:20)
	at com.harmellaw.kotlin.FoldingKt.foldRightOverflows(Folding.kt:20)
	at com.harmellaw.kotlin.FoldingKt.foldRightOverflows(Folding.kt:20)
	at com.harmellaw.kotlin.FoldingKt.foldRightOverflows(Folding.kt:20)
	at com.harmellaw.kotlin.FoldingKt.foldRightOverflows(Folding.kt:20)
	at com.harmellaw.kotlin.FoldingKt.foldRightOverflows(Folding.kt:20)
	at com.harmellaw.kotlin.FoldingKt.foldRightOverflows(Folding.kt:20)
	at com.harmellaw.kotlin.FoldingKt.foldRightOverflows(Folding.kt:20)
	at com.harmellaw.kotlin.FoldingKt.foldRightOverflows(Folding.kt:20)
	at com.harmellaw.kotlin.FoldingKt.foldRightOverflows(Folding.kt:20)
	at com.harmellaw.kotlin.FoldingKt.foldRightOverflows(Folding.kt:20)
	at com.harmellaw.kotlin.FoldingKt.foldRightOverflows(Folding.kt:20)
	at com.harmellaw.kotlin.FoldingKt.foldRightOverflows(Folding.kt:20)
	at com.harmellaw.kotlin.FoldingKt.foldRightOverflows(Folding.kt:20)
	at com.harmellaw.kotlin.FoldingKt.foldRightOverflows(Folding.kt:20)
	at com.harmellaw.kotlin.FoldingKt.foldRightOverflows(Folding.kt:20)
	at com.harmellaw.kotlin.FoldingKt.foldRightOverflows(Folding.kt:20)
	at com.harmellaw.kotlin.FoldingKt.foldRightOverflows(Folding.kt:20)
	at com.harmellaw.kotlin.FoldingKt.foldRightOverflows(Folding.kt:20)
	at com.harmellaw.kotlin.FoldingKt.foldRightOverflows(Folding.kt:20)
	at com.harmellaw.kotlin.FoldingKt.foldRightOverflows(Folding.kt:20)
	at com.harmellaw.kotlin.FoldingKt.foldRightOverflows(Folding.kt:20)
	at com.harmellaw.kotlin.FoldingKt.foldRightOverflows(Folding.kt:20)
	at com.harmellaw.kotlin.FoldingKt.foldRightOverflows(Folding.kt:20)
	at com.harmellaw.kotlin.FoldingKt.foldRightOverflows(Folding.kt:20)
	at com.harmellaw.kotlin.FoldingKt.foldRightOverflows(Folding.kt:20)
	at com.harmellaw.kotlin.FoldingKt.foldRightOverflows(Folding.kt:20)
	at com.harmellaw.kotlin.FoldingKt.foldRightOverflows(Folding.kt:20)
	at com.harmellaw.kotlin.FoldingKt.foldRightOverflows(Folding.kt:20)
	at com.harmellaw.kotlin.FoldingKt.foldRightOverflows(Folding.kt:20)
	at com.harmellaw.kotlin.FoldingKt.foldRightOverflows(Folding.kt:20)
	at com.harmellaw.kotlin.FoldingKt.foldRightOverflows(Folding.kt:20)
	at com.harmellaw.kotlin.FoldingKt.foldRightOverflows(Folding.kt:20)
	at com.harmellaw.kotlin.FoldingKt.foldRightOverflows(Folding.kt:20)
	at com.harmellaw.kotlin.FoldingKt.foldRightOverflows(Folding.kt:20)
	at com.harmellaw.kotlin.FoldingKt.foldRightOverflows(Folding.kt:20)
	at com.harmellaw.kotlin.FoldingKt.foldRightOverflows(Folding.kt:20)
	at com.harmellaw.kotlin.FoldingKt.foldRightOverflows(Folding.kt:20)
	at com.harmellaw.kotlin.FoldingKt.foldRightOverflows(Folding.kt:20)
	at com.harmellaw.kotlin.FoldingKt.foldRightOverflows(Folding.kt:20)
	at com.harmellaw.kotlin.FoldingKt.foldRightOverflows(Folding.kt:20)
	at com.harmellaw.kotlin.FoldingKt.foldRightOverflows(Folding.kt:20)
	at com.harmellaw.kotlin.FoldingKt.foldRightOverflows(Folding.kt:20)
	at com.harmellaw.kotlin.FoldingKt.foldRightOverflows(Folding.kt:20)
	at com.harmellaw.kotlin.FoldingKt.foldRightOverflows(Folding.kt:20)
	at com.harmellaw.kotlin.FoldingKt.foldRightOverflows(Folding.kt:20)
	at com.harmellaw.kotlin.FoldingKt.foldRightOverflows(Folding.kt:20)
	at com.harmellaw.kotlin.FoldingKt.foldRightOverflows(Folding.kt:20)
	at com.harmellaw.kotlin.FoldingKt.foldRightOverflows(Folding.kt:20)
	at com.harmellaw.kotlin.FoldingKt.foldRightOverflows(Folding.kt:20)
	at com.harmellaw.kotlin.FoldingKt.foldRightOverflows(Folding.kt:20)
	at com.harmellaw.kotlin.FoldingKt.foldRightOverflows(Folding.kt:20)
	at com.harmellaw.kotlin.FoldingKt.foldRightOverflows(Folding.kt:20)
	at com.harmellaw.kotlin.FoldingKt.foldRightOverflows(Folding.kt:20)
	at com.harmellaw.kotlin.FoldingKt.foldRightOverflows(Folding.kt:20)
	at com.harmellaw.kotlin.FoldingKt.foldRightOverflows(Folding.kt:20)
	at com.harmellaw.kotlin.FoldingKt.foldRightOverflows(Folding.kt:20)
	at com.harmellaw.kotlin.FoldingKt.foldRightOverflows(Folding.kt:20)
	at com.harmellaw.kotlin.FoldingKt.foldRightOverflows(Folding.kt:20)
	at com.harmellaw.kotlin.FoldingKt.foldRightOverflows(Folding.kt:20)
	at com.harmellaw.kotlin.FoldingKt.foldRightOverflows(Folding.kt:20)
	at com.harmellaw.kotlin.FoldingKt.foldRightOverflows(Folding.kt:20)
	at com.harmellaw.kotlin.FoldingKt.foldRightOverflows(Folding.kt:20)
	at com.harmellaw.kotlin.FoldingKt.foldRightOverflows(Folding.kt:20)
	at com.harmellaw.kotlin.FoldingKt.foldRightOverflows(Folding.kt:20)
	at com.harmellaw.kotlin.FoldingKt.foldRightOverflows(Folding.kt:20)
	at com.harmellaw.kotlin.FoldingKt.foldRightOverflows(Folding.kt:20)
	at com.harmellaw.kotlin.FoldingKt.foldRightOverflows(Folding.kt:20)
	at com.harmellaw.kotlin.FoldingKt.foldRightOverflows(Folding.kt:20)
	at com.harmellaw.kotlin.FoldingKt.foldRightOverflows(Folding.kt:20)
	at com.harmellaw.kotlin.FoldingKt.foldRightOverflows(Folding.kt:20)
	at com.harmellaw.kotlin.FoldingKt.foldRightOverflows(Folding.kt:20)
	at com.harmellaw.kotlin.FoldingKt.foldRightOverflows(Folding.kt:20)
	at com.harmellaw.kotlin.FoldingKt.foldRightOverflows(Folding.kt:20)
	at com.harmellaw.kotlin.FoldingKt.foldRightOverflows(Folding.kt:20)
	at com.harmellaw.kotlin.FoldingKt.foldRightOverflows(Folding.kt:20)
	at com.harmellaw.kotlin.FoldingKt.foldRightOverflows(Folding.kt:20)
	at com.harmellaw.kotlin.FoldingKt.foldRightOverflows(Folding.kt:20)
	at com.harmellaw.kotlin.FoldingKt.foldRightOverflows(Folding.kt:20)
	at com.harmellaw.kotlin.FoldingKt.foldRightOverflows(Folding.kt:20)
	at com.harmellaw.kotlin.FoldingKt.foldRightOverflows(Folding.kt:20)
	at com.harmellaw.kotlin.FoldingKt.foldRightOverflows(Folding.kt:20)
	at com.harmellaw.kotlin.FoldingKt.foldRightOverflows(Folding.kt:20)
	at com.harmellaw.kotlin.FoldingKt.foldRightOverflows(Folding.kt:20)
	at com.harmellaw.kotlin.FoldingKt.foldRightOverflows(Folding.kt:20)
	at com.harmellaw.kotlin.FoldingKt.foldRightOverflows(Folding.kt:20)
	at com.harmellaw.kotlin.FoldingKt.foldRightOverflows(Folding.kt:20)
	at com.harmellaw.kotlin.FoldingKt.foldRightOverflows(Folding.kt:20)
	at com.harmellaw.kotlin.FoldingKt.foldRightOverflows(Folding.kt:20)
	at com.harmellaw.kotlin.FoldingKt.foldRightOverflows(Folding.kt:20)
	at com.harmellaw.kotlin.FoldingKt.foldRightOverflows(Folding.kt:20)
	at com.harmellaw.kotlin.FoldingKt.foldRightOverflows(Folding.kt:20)
	at com.harmellaw.kotlin.FoldingKt.foldRightOverflows(Folding.kt:20)
	at com.harmellaw.kotlin.FoldingKt.foldRightOverflows(Folding.kt:20)
	at com.harmellaw.kotlin.FoldingKt.foldRightOverflows(Folding.kt:20)
	at com.harmellaw.kotlin.FoldingKt.foldRightOverflows(Folding.kt:20)
	at com.harmellaw.kotlin.FoldingKt.foldRightOverflows(Folding.kt:20)
	at com.harmellaw.kotlin.FoldingKt.foldRightOverflows(Folding.kt:20)
	at com.harmellaw.kotlin.FoldingKt.foldRightOverflows(Folding.kt:20)
	at com.harmellaw.kotlin.FoldingKt.foldRightOverflows(Folding.kt:20)
	at com.harmellaw.kotlin.FoldingKt.foldRightOverflows(Folding.kt:20)
	at com.harmellaw.kotlin.FoldingKt.foldRightOverflows(Folding.kt:20)
	at com.harmellaw.kotlin.FoldingKt.foldRightOverflows(Folding.kt:20)
	at com.harmellaw.kotlin.FoldingKt.foldRightOverflows(Folding.kt:20)
	at com.harmellaw.kotlin.FoldingKt.foldRightOverflows(Folding.kt:20)
	at com.harmellaw.kotlin.FoldingKt.foldRightOverflows(Folding.kt:20)
	at com.harmellaw.kotlin.FoldingKt.foldRightOverflows(Folding.kt:20)
	at com.harmellaw.kotlin.FoldingKt.foldRightOverflows(Folding.kt:20)
	at com.harmellaw.kotlin.FoldingKt.foldRightOverflows(Folding.kt:20)
	at com.harmellaw.kotlin.FoldingKt.foldRightOverflows(Folding.kt:20)
	at com.harmellaw.kotlin.FoldingKt.foldRightOverflows(Folding.kt:20)
	at com.harmellaw.kotlin.FoldingKt.foldRightOverflows(Folding.kt:20)
	at com.harmellaw.kotlin.FoldingKt.foldRightOverflows(Folding.kt:20)
	at com.harmellaw.kotlin.FoldingKt.foldRightOverflows(Folding.kt:20)
	at com.harmellaw.kotlin.FoldingKt.foldRightOverflows(Folding.kt:20)
	at com.harmellaw.kotlin.FoldingKt.foldRightOverflows(Folding.kt:20)
	at com.harmellaw.kotlin.FoldingKt.foldRightOverflows(Folding.kt:20)
	at com.harmellaw.kotlin.FoldingKt.foldRightOverflows(Folding.kt:20)
	at com.harmellaw.kotlin.FoldingKt.foldRightOverflows(Folding.kt:20)
	at com.harmellaw.kotlin.FoldingKt.foldRightOverflows(Folding.kt:20)
	at com.harmellaw.kotlin.FoldingKt.foldRightOverflows(Folding.kt:20)
	at com.harmellaw.kotlin.FoldingKt.foldRightOverflows(Folding.kt:20)
	at com.harmellaw.kotlin.FoldingKt.foldRightOverflows(Folding.kt:20)
	at com.harmellaw.kotlin.FoldingKt.foldRightOverflows(Folding.kt:20)
	at com.harmellaw.kotlin.FoldingKt.foldRightOverflows(Folding.kt:20)
	at com.harmellaw.kotlin.FoldingKt.foldRightOverflows(Folding.kt:20)
	at com.harmellaw.kotlin.FoldingKt.foldRightOverflows(Folding.kt:20)
	at com.harmellaw.kotlin.FoldingKt.foldRightOverflows(Folding.kt:20)
	at com.harmellaw.kotlin.FoldingKt.foldRightOverflows(Folding.kt:20)
	at com.harmellaw.kotlin.FoldingKt.foldRightOverflows(Folding.kt:20)
	at com.harmellaw.kotlin.FoldingKt.foldRightOverflows(Folding.kt:20)
	at com.harmellaw.kotlin.FoldingKt.foldRightOverflows(Folding.kt:20)
	at com.harmellaw.kotlin.FoldingKt.foldRightOverflows(Folding.kt:20)
	at com.harmellaw.kotlin.FoldingKt.foldRightOverflows(Folding.kt:20)
	at com.harmellaw.kotlin.FoldingKt.foldRightOverflows(Folding.kt:20)
	at com.harmellaw.kotlin.FoldingKt.foldRightOverflows(Folding.kt:20)
	at com.harmellaw.kotlin.FoldingKt.foldRightOverflows(Folding.kt:20)
	at com.harmellaw.kotlin.FoldingKt.foldRightOverflows(Folding.kt:20)
	at com.harmellaw.kotlin.FoldingKt.foldRightOverflows(Folding.kt:20)
	at com.harmellaw.kotlin.FoldingKt.foldRightOverflows(Folding.kt:20)
	at com.harmellaw.kotlin.FoldingKt.foldRightOverflows(Folding.kt:20)
	at com.harmellaw.kotlin.FoldingKt.foldRightOverflows(Folding.kt:20)
	at com.harmellaw.kotlin.FoldingKt.foldRightOverflows(Folding.kt:20)
	at com.harmellaw.kotlin.FoldingKt.foldRightOverflows(Folding.kt:20)
	at com.harmellaw.kotlin.FoldingKt.foldRightOverflows(Folding.kt:20)
	at com.harmellaw.kotlin.FoldingKt.foldRightOverflows(Folding.kt:20)
	at com.harmellaw.kotlin.FoldingKt.foldRightOverflows(Folding.kt:20)
	at com.harmellaw.kotlin.FoldingKt.foldRightOverflows(Folding.kt:20)
	at com.harmellaw.kotlin.FoldingKt.foldRightOverflows(Folding.kt:20)
	at com.harmellaw.kotlin.FoldingKt.foldRightOverflows(Folding.kt:20)
	at com.harmellaw.kotlin.FoldingKt.foldRightOverflows(Folding.kt:20)
	at com.harmellaw.kotlin.FoldingKt.foldRightOverflows(Folding.kt:20)
	at com.harmellaw.kotlin.FoldingKt.foldRightOverflows(Folding.kt:20)
	at com.harmellaw.kotlin.FoldingKt.foldRightOverflows(Folding.kt:20)
	at com.harmellaw.kotlin.FoldingKt.foldRightOverflows(Folding.kt:20)
	at com.harmellaw.kotlin.FoldingKt.foldRightOverflows(Folding.kt:20)
	at com.harmellaw.kotlin.FoldingKt.foldRightOverflows(Folding.kt:20)
	at com.harmellaw.kotlin.FoldingKt.foldRightOverflows(Folding.kt:20)
	at com.harmellaw.kotlin.FoldingKt.foldRightOverflows(Folding.kt:20)
	at com.harmellaw.kotlin.FoldingKt.foldRightOverflows(Folding.kt:20)
	at com.harmellaw.kotlin.FoldingKt.foldRightOverflows(Folding.kt:20)
	at com.harmellaw.kotlin.FoldingKt.foldRightOverflows(Folding.kt:20)
	at com.harmellaw.kotlin.FoldingKt.foldRightOverflows(Folding.kt:20)
	at com.harmellaw.kotlin.FoldingKt.foldRightOverflows(Folding.kt:20)
	at com.harmellaw.kotlin.FoldingKt.foldRightOverflows(Folding.kt:20)
	at com.harmellaw.kotlin.FoldingKt.foldRightOverflows(Folding.kt:20)
	at com.harmellaw.kotlin.FoldingKt.foldRightOverflows(Folding.kt:20)
	at com.harmellaw.kotlin.FoldingKt.foldRightOverflows(Folding.kt:20)
	at com.harmellaw.kotlin.FoldingKt.foldRightOverflows(Folding.kt:20)
	at com.harmellaw.kotlin.FoldingKt.foldRightOverflows(Folding.kt:20)
	at com.harmellaw.kotlin.FoldingKt.foldRightOverflows(Folding.kt:20)
	at com.harmellaw.kotlin.FoldingKt.foldRightOverflows(Folding.kt:20)
	at com.harmellaw.kotlin.FoldingKt.foldRightOverflows(Folding.kt:20)
	at com.harmellaw.kotlin.FoldingKt.foldRightOverflows(Folding.kt:20)
	at com.harmellaw.kotlin.FoldingKt.foldRightOverflows(Folding.kt:20)
	at com.harmellaw.kotlin.FoldingKt.foldRightOverflows(Folding.kt:20)
	at com.harmellaw.kotlin.FoldingKt.foldRightOverflows(Folding.kt:20)
	at com.harmellaw.kotlin.FoldingKt.foldRightOverflows(Folding.kt:20)
	at com.harmellaw.kotlin.FoldingKt.foldRightOverflows(Folding.kt:20)
	at com.harmellaw.kotlin.FoldingKt.foldRightOverflows(Folding.kt:20)
	at com.harmellaw.kotlin.FoldingKt.foldRightOverflows(Folding.kt:20)
	at com.harmellaw.kotlin.FoldingKt.foldRightOverflows(Folding.kt:20)
	at com.harmellaw.kotlin.FoldingKt.foldRightOverflows(Folding.kt:20)
	at com.harmellaw.kotlin.FoldingKt.foldRightOverflows(Folding.kt:20)
	at com.harmellaw.kotlin.FoldingKt.foldRightOverflows(Folding.kt:20)
	at com.harmellaw.kotlin.FoldingKt.foldRightOverflows(Folding.kt:20)
	at com.harmellaw.kotlin.FoldingKt.foldRightOverflows(Folding.kt:20)
	at com.harmellaw.kotlin.FoldingKt.foldRightOverflows(Folding.kt:20)
	at com.harmellaw.kotlin.FoldingKt.foldRightOverflows(Folding.kt:20)
	at com.harmellaw.kotlin.FoldingKt.foldRightOverflows(Folding.kt:20)
	at com.harmellaw.kotlin.FoldingKt.foldRightOverflows(Folding.kt:20)
	at com.harmellaw.kotlin.FoldingKt.foldRightOverflows(Folding.kt:20)
	at com.harmellaw.kotlin.FoldingKt.foldRightOverflows(Folding.kt:20)
	at com.harmellaw.kotlin.FoldingKt.foldRightOverflows(Folding.kt:20)
	at com.harmellaw.kotlin.FoldingKt.foldRightOverflows(Folding.kt:20)
	at com.harmellaw.kotlin.FoldingKt.foldRightOverflows(Folding.kt:20)
	at com.harmellaw.kotlin.FoldingKt.foldRightOverflows(Folding.kt:20)
	at com.harmellaw.kotlin.FoldingKt.foldRightOverflows(Folding.kt:20)
	at com.harmellaw.kotlin.FoldingKt.foldRightOverflows(Folding.kt:20)
	at com.harmellaw.kotlin.FoldingKt.foldRightOverflows(Folding.kt:20)
	at com.harmellaw.kotlin.FoldingKt.foldRightOverflows(Folding.kt:20)
	at com.harmellaw.kotlin.FoldingKt.foldRightOverflows(Folding.kt:20)
	at com.harmellaw.kotlin.FoldingKt.foldRightOverflows(Folding.kt:20)
	at com.harmellaw.kotlin.FoldingKt.foldRightOverflows(Folding.kt:20)
	at com.harmellaw.kotlin.FoldingKt.foldRightOverflows(Folding.kt:20)
	at com.harmellaw.kotlin.FoldingKt.foldRightOverflows(Folding.kt:20)
	at com.harmellaw.kotlin.FoldingKt.foldRightOverflows(Folding.kt:20)
	at com.harmellaw.kotlin.FoldingKt.foldRightOverflows(Folding.kt:20)
	at com.harmellaw.kotlin.FoldingKt.foldRightOverflows(Folding.kt:20)
	at com.harmellaw.kotlin.FoldingKt.foldRightOverflows(Folding.kt:20)
	at com.harmellaw.kotlin.FoldingKt.foldRightOverflows(Folding.kt:20)
	at com.harmellaw.kotlin.FoldingKt.foldRightOverflows(Folding.kt:20)
	at com.harmellaw.kotlin.FoldingKt.foldRightOverflows(Folding.kt:20)
	at com.harmellaw.kotlin.FoldingKt.foldRightOverflows(Folding.kt:20)
	at com.harmellaw.kotlin.FoldingKt.foldRightOverflows(Folding.kt:20)
	at com.harmellaw.kotlin.FoldingKt.foldRightOverflows(Folding.kt:20)
	at com.harmellaw.kotlin.FoldingKt.foldRightOverflows(Folding.kt:20)
	at com.harmellaw.kotlin.FoldingKt.foldRightOverflows(Folding.kt:20)
	at com.harmellaw.kotlin.FoldingKt.foldRightOverflows(Folding.kt:20)
	at com.harmellaw.kotlin.FoldingKt.foldRightOverflows(Folding.kt:20)
	at com.harmellaw.kotlin.FoldingKt.foldRightOverflows(Folding.kt:20)
	at com.harmellaw.kotlin.FoldingKt.foldRightOverflows(Folding.kt:20)
	at com.harmellaw.kotlin.FoldingKt.foldRightOverflows(Folding.kt:20)
	at com.harmellaw.kotlin.FoldingKt.foldRightOverflows(Folding.kt:20)
	at com.harmellaw.kotlin.FoldingKt.foldRightOverflows(Folding.kt:20)
	at com.harmellaw.kotlin.FoldingKt.foldRightOverflows(Folding.kt:20)
	at com.harmellaw.kotlin.FoldingKt.foldRightOverflows(Folding.kt:20)
	at com.harmellaw.kotlin.FoldingKt.foldRightOverflows(Folding.kt:20)
	at com.harmellaw.kotlin.FoldingKt.foldRightOverflows(Folding.kt:20)
	at com.harmellaw.kotlin.FoldingKt.foldRightOverflows(Folding.kt:20)
	at com.harmellaw.kotlin.FoldingKt.foldRightOverflows(Folding.kt:20)
	at com.harmellaw.kotlin.FoldingKt.foldRightOverflows(Folding.kt:20)
	at com.harmellaw.kotlin.FoldingKt.foldRightOverflows(Folding.kt:20)
	at com.harmellaw.kotlin.FoldingKt.foldRightOverflows(Folding.kt:20)
	at com.harmellaw.kotlin.FoldingKt.foldRightOverflows(Folding.kt:20)
	at com.harmellaw.kotlin.FoldingKt.foldRightOverflows(Folding.kt:20)
	at com.harmellaw.kotlin.FoldingKt.foldRightOverflows(Folding.kt:20)
	at com.harmellaw.kotlin.FoldingKt.foldRightOverflows(Folding.kt:20)
	at com.harmellaw.kotlin.FoldingKt.foldRightOverflows(Folding.kt:20)
	at com.harmellaw.kotlin.FoldingKt.foldRightOverflows(Folding.kt:20)
	at com.harmellaw.kotlin.FoldingKt.foldRightOverflows(Folding.kt:20)
	at com.harmellaw.kotlin.FoldingKt.foldRightOverflows(Folding.kt:20)
	at com.harmellaw.kotlin.FoldingKt.foldRightOverflows(Folding.kt:20)
	at com.harmellaw.kotlin.FoldingKt.foldRightOverflows(Folding.kt:20)
	at com.harmellaw.kotlin.FoldingKt.foldRightOverflows(Folding.kt:20)
	at com.harmellaw.kotlin.FoldingKt.foldRightOverflows(Folding.kt:20)
	at com.harmellaw.kotlin.FoldingKt.foldRightOverflows(Folding.kt:20)
	at com.harmellaw.kotlin.FoldingKt.foldRightOverflows(Folding.kt:20)
	at com.harmellaw.kotlin.FoldingKt.foldRightOverflows(Folding.kt:20)
	at com.harmellaw.kotlin.FoldingKt.foldRightOverflows(Folding.kt:20)
	at com.harmellaw.kotlin.FoldingKt.foldRightOverflows(Folding.kt:20)
	at com.harmellaw.kotlin.FoldingKt.foldRightOverflows(Folding.kt:20)
	at com.harmellaw.kotlin.FoldingKt.foldRightOverflows(Folding.kt:20)
	at com.harmellaw.kotlin.FoldingKt.foldRightOverflows(Folding.kt:20)
	at com.harmellaw.kotlin.FoldingKt.foldRightOverflows(Folding.kt:20)
	at com.harmellaw.kotlin.FoldingKt.foldRightOverflows(Folding.kt:20)
	at com.harmellaw.kotlin.FoldingKt.foldRightOverflows(Folding.kt:20)
	at com.harmellaw.kotlin.FoldingKt.foldRightOverflows(Folding.kt:20)
	at com.harmellaw.kotlin.FoldingKt.foldRightOverflows(Folding.kt:20)
	at com.harmellaw.kotlin.FoldingKt.foldRightOverflows(Folding.kt:20)
	at com.harmellaw.kotlin.FoldingKt.foldRightOverflows(Folding.kt:20)
	at com.harmellaw.kotlin.FoldingKt.foldRightOverflows(Folding.kt:20)
	at com.harmellaw.kotlin.FoldingKt.foldRightOverflows(Folding.kt:20)
	at com.harmellaw.kotlin.FoldingKt.foldRightOverflows(Folding.kt:20)
	at com.harmellaw.kotlin.FoldingKt.foldRightOverflows(Folding.kt:20)
	at com.harmellaw.kotlin.FoldingKt.foldRightOverflows(Folding.kt:20)
	at com.harmellaw.kotlin.FoldingKt.foldRightOverflows(Folding.kt:20)
	at com.harmellaw.kotlin.FoldingKt.foldRightOverflows(Folding.kt:20)
	at com.harmellaw.kotlin.FoldingKt.foldRightOverflows(Folding.kt:20)
	at com.harmellaw.kotlin.FoldingKt.foldRightOverflows(Folding.kt:20)
	at com.harmellaw.kotlin.FoldingKt.foldRightOverflows(Folding.kt:20)
	at com.harmellaw.kotlin.FoldingKt.foldRightOverflows(Folding.kt:20)
	at com.harmellaw.kotlin.FoldingKt.foldRightOverflows(Folding.kt:20)
	at com.harmellaw.kotlin.FoldingKt.foldRightOverflows(Folding.kt:20)
	at com.harmellaw.kotlin.FoldingKt.foldRightOverflows(Folding.kt:20)
	at com.harmellaw.kotlin.FoldingKt.foldRightOverflows(Folding.kt:20)
	at com.harmellaw.kotlin.FoldingKt.foldRightOverflows(Folding.kt:20)
	at com.harmellaw.kotlin.FoldingKt.foldRightOverflows(Folding.kt:20)
	at com.harmellaw.kotlin.FoldingKt.foldRightOverflows(Folding.kt:20)
	at com.harmellaw.kotlin.FoldingKt.foldRightOverflows(Folding.kt:20)
	at com.harmellaw.kotlin.FoldingKt.foldRightOverflows(Folding.kt:20)
	at com.harmellaw.kotlin.FoldingKt.foldRightOverflows(Folding.kt:20)
	at com.harmellaw.kotlin.FoldingKt.foldRightOverflows(Folding.kt:20)
	at com.harmellaw.kotlin.FoldingKt.foldRightOverflows(Folding.kt:20)
	at com.harmellaw.kotlin.FoldingKt.foldRightOverflows(Folding.kt:20)
	at com.harmellaw.kotlin.FoldingKt.foldRightOverflows(Folding.kt:20)
	at com.harmellaw.kotlin.FoldingKt.foldRightOverflows(Folding.kt:20)
	at com.harmellaw.kotlin.FoldingKt.foldRightOverflows(Folding.kt:20)
	at com.harmellaw.kotlin.FoldingKt.foldRightOverflows(Folding.kt:20)
	at com.harmellaw.kotlin.FoldingKt.foldRightOverflows(Folding.kt:20)
	at com.harmellaw.kotlin.FoldingKt.foldRightOverflows(Folding.kt:20)
	at com.harmellaw.kotlin.FoldingKt.foldRightOverflows(Folding.kt:20)
	at com.harmellaw.kotlin.FoldingKt.foldRightOverflows(Folding.kt:20)
	at com.harmellaw.kotlin.FoldingKt.foldRightOverflows(Folding.kt:20)
	at com.harmellaw.kotlin.FoldingKt.foldRightOverflows(Folding.kt:20)
	at com.harmellaw.kotlin.FoldingKt.foldRightOverflows(Folding.kt:20)
	at com.harmellaw.kotlin.FoldingKt.foldRightOverflows(Folding.kt:20)
	at com.harmellaw.kotlin.FoldingKt.foldRightOverflows(Folding.kt:20)
	at com.harmellaw.kotlin.FoldingKt.foldRightOverflows(Folding.kt:20)
	at com.harmellaw.kotlin.FoldingKt.foldRightOverflows(Folding.kt:20)
	at com.harmellaw.kotlin.FoldingKt.foldRightOverflows(Folding.kt:20)
	at com.harmellaw.kotlin.FoldingKt.foldRightOverflows(Folding.kt:20)
	at com.harmellaw.kotlin.FoldingKt.foldRightOverflows(Folding.kt:20)
	at com.harmellaw.kotlin.FoldingKt.foldRightOverflows(Folding.kt:20)
	at com.harmellaw.kotlin.FoldingKt.foldRightOverflows(Folding.kt:20)
	at com.harmellaw.kotlin.FoldingKt.foldRightOverflows(Folding.kt:20)
	at com.harmellaw.kotlin.FoldingKt.foldRightOverflows(Folding.kt:20)
	at com.harmellaw.kotlin.FoldingKt.foldRightOverflows(Folding.kt:20)
	at com.harmellaw.kotlin.FoldingKt.foldRightOverflows(Folding.kt:20)
	at com.harmellaw.kotlin.FoldingKt.foldRightOverflows(Folding.kt:20)
	at com.harmellaw.kotlin.FoldingKt.foldRightOverflows(Folding.kt:20)
	at com.harmellaw.kotlin.FoldingKt.foldRightOverflows(Folding.kt:20)
	at com.harmellaw.kotlin.FoldingKt.foldRightOverflows(Folding.kt:20)
	at com.harmellaw.kotlin.FoldingKt.foldRightOverflows(Folding.kt:20)
	at com.harmellaw.kotlin.FoldingKt.foldRightOverflows(Folding.kt:20)
	at com.harmellaw.kotlin.FoldingKt.foldRightOverflows(Folding.kt:20)
	at com.harmellaw.kotlin.FoldingKt.foldRightOverflows(Folding.kt:20)
	at com.harmellaw.kotlin.FoldingKt.foldRightOverflows(Folding.kt:20)
	at com.harmellaw.kotlin.FoldingKt.foldRightOverflows(Folding.kt:20)
	at com.harmellaw.kotlin.FoldingKt.foldRightOverflows(Folding.kt:20)
	at com.harmellaw.kotlin.FoldingKt.foldRightOverflows(Folding.kt:20)
	at com.harmellaw.kotlin.FoldingKt.foldRightOverflows(Folding.kt:20)
	at com.harmellaw.kotlin.FoldingKt.foldRightOverflows(Folding.kt:20)
	at com.harmellaw.kotlin.FoldingKt.foldRightOverflows(Folding.kt:20)
	at com.harmellaw.kotlin.FoldingKt.foldRightOverflows(Folding.kt:20)
	at com.harmellaw.kotlin.FoldingKt.foldRightOverflows(Folding.kt:20)
	at com.harmellaw.kotlin.FoldingKt.foldRightOverflows(Folding.kt:20)
	at com.harmellaw.kotlin.FoldingKt.foldRightOverflows(Folding.kt:20)
	at com.harmellaw.kotlin.FoldingKt.foldRightOverflows(Folding.kt:20)
	at com.harmellaw.kotlin.FoldingKt.foldRightOverflows(Folding.kt:20)
	at com.harmellaw.kotlin.FoldingKt.foldRightOverflows(Folding.kt:20)
	at com.harmellaw.kotlin.FoldingKt.foldRightOverflows(Folding.kt:20)
	at com.harmellaw.kotlin.FoldingKt.foldRightOverflows(Folding.kt:20)
	at com.harmellaw.kotlin.FoldingKt.foldRightOverflows(Folding.kt:20)
	at com.harmellaw.kotlin.FoldingKt.foldRightOverflows(Folding.kt:20)
	at com.harmellaw.kotlin.FoldingKt.foldRightOverflows(Folding.kt:20)
	at com.harmellaw.kotlin.FoldingKt.foldRightOverflows(Folding.kt:20)
	at com.harmellaw.kotlin.FoldingKt.foldRightOverflows(Folding.kt:20)
	at com.harmellaw.kotlin.FoldingKt.foldRightOverflows(Folding.kt:20)
	at com.harmellaw.kotlin.FoldingKt.foldRightOverflows(Folding.kt:20)
	at com.harmellaw.kotlin.FoldingKt.foldRightOverflows(Folding.kt:20)
	at com.harmellaw.kotlin.FoldingKt.foldRightOverflows(Folding.kt:20)
	at com.harmellaw.kotlin.FoldingKt.foldRightOverflows(Folding.kt:20)
	at com.harmellaw.kotlin.FoldingKt.foldRightOverflows(Folding.kt:20)
	at com.harmellaw.kotlin.FoldingKt.foldRightOverflows(Folding.kt:20)
	at com.harmellaw.kotlin.FoldingKt.foldRightOverflows(Folding.kt:20)
	at com.harmellaw.kotlin.FoldingKt.foldRightOverflows(Folding.kt:20)
	at com.harmellaw.kotlin.FoldingKt.foldRightOverflows(Folding.kt:20)
	at com.harmellaw.kotlin.FoldingKt.foldRightOverflows(Folding.kt:20)
	at com.harmellaw.kotlin.FoldingKt.foldRightOverflows(Folding.kt:20)
	at com.harmellaw.kotlin.FoldingKt.foldRightOverflows(Folding.kt:20)
	at com.harmellaw.kotlin.FoldingKt.foldRightOverflows(Folding.kt:20)
	at com.harmellaw.kotlin.FoldingKt.foldRightOverflows(Folding.kt:20)
	at com.harmellaw.kotlin.FoldingKt.foldRightOverflows(Folding.kt:20)
	at com.harmellaw.kotlin.FoldingKt.foldRightOverflows(Folding.kt:20)
	at com.harmellaw.kotlin.FoldingKt.foldRightOverflows(Folding.kt:20)
	at com.harmellaw.kotlin.FoldingKt.foldRightOverflows(Folding.kt:20)
	at com.harmellaw.kotlin.FoldingKt.foldRightOverflows(Folding.kt:20)
	at com.harmellaw.kotlin.FoldingKt.foldRightOverflows(Folding.kt:20)
	at com.harmellaw.kotlin.FoldingKt.foldRightOverflows(Folding.kt:20)
	at com.harmellaw.kotlin.FoldingKt.foldRightOverflows(Folding.kt:20)
	at com.harmellaw.kotlin.FoldingKt.foldRightOverflows(Folding.kt:20)
	at com.harmellaw.kotlin.FoldingKt.foldRightOverflows(Folding.kt:20)
	at com.harmellaw.kotlin.FoldingKt.foldRightOverflows(Folding.kt:20)
	at com.harmellaw.kotlin.FoldingKt.foldRightOverflows(Folding.kt:20)
	at com.harmellaw.kotlin.FoldingKt.foldRightOverflows(Folding.kt:20)
	at com.harmellaw.kotlin.FoldingKt.foldRightOverflows(Folding.kt:20)
	at com.harmellaw.kotlin.FoldingKt.foldRightOverflows(Folding.kt:20)
	at com.harmellaw.kotlin.FoldingKt.foldRightOverflows(Folding.kt:20)
	at com.harmellaw.kotlin.FoldingKt.foldRightOverflows(Folding.kt:20)
	at com.harmellaw.kotlin.FoldingKt.foldRightOverflows(Folding.kt:20)
	at com.harmellaw.kotlin.FoldingKt.foldRightOverflows(Folding.kt:20)
	at com.harmellaw.kotlin.FoldingKt.foldRightOverflows(Folding.kt:20)
	at com.harmellaw.kotlin.FoldingKt.foldRightOverflows(Folding.kt:20)
	at com.harmellaw.kotlin.FoldingKt.foldRightOverflows(Folding.kt:20)
	at com.harmellaw.kotlin.FoldingKt.foldRightOverflows(Folding.kt:20)
	at com.harmellaw.kotlin.FoldingKt.foldRightOverflows(Folding.kt:20)
	at com.harmellaw.kotlin.FoldingKt.foldRightOverflows(Folding.kt:20)
	at com.harmellaw.kotlin.FoldingKt.foldRightOverflows(Folding.kt:20)
	at com.harmellaw.kotlin.FoldingKt.foldRightOverflows(Folding.kt:20)
	at com.harmellaw.kotlin.FoldingKt.foldRightOverflows(Folding.kt:20)
	at com.harmellaw.kotlin.FoldingKt.foldRightOverflows(Folding.kt:20)
	at com.harmellaw.kotlin.FoldingKt.foldRightOverflows(Folding.kt:20)
	at com.harmellaw.kotlin.FoldingKt.foldRightOverflows(Folding.kt:20)
	at com.harmellaw.kotlin.FoldingKt.foldRightOverflows(Folding.kt:20)
	at com.harmellaw.kotlin.FoldingKt.foldRightOverflows(Folding.kt:20)
	at com.harmellaw.kotlin.FoldingKt.foldRightOverflows(Folding.kt:20)
	at com.harmellaw.kotlin.FoldingKt.foldRightOverflows(Folding.kt:20)
	at com.harmellaw.kotlin.FoldingKt.foldRightOverflows(Folding.kt:20)
	at com.harmellaw.kotlin.FoldingKt.foldRightOverflows(Folding.kt:20)
	at com.harmellaw.kotlin.FoldingKt.foldRightOverflows(Folding.kt:20)
	at com.harmellaw.kotlin.FoldingKt.foldRightOverflows(Folding.kt:20)
	at com.harmellaw.kotlin.FoldingKt.foldRightOverflows(Folding.kt:20)
	at com.harmellaw.kotlin.FoldingKt.foldRightOverflows(Folding.kt:20)
	at com.harmellaw.kotlin.FoldingKt.foldRightOverflows(Folding.kt:20)
	at com.harmellaw.kotlin.FoldingKt.foldRightOverflows(Folding.kt:20)
	at com.harmellaw.kotlin.FoldingKt.foldRightOverflows(Folding.kt:20)
	at com.harmellaw.kotlin.FoldingKt.foldRightOverflows(Folding.kt:20)
	at com.harmellaw.kotlin.FoldingKt.foldRightOverflows(Folding.kt:20)
	at com.harmellaw.kotlin.FoldingKt.foldRightOverflows(Folding.kt:20)
	at com.harmellaw.kotlin.FoldingKt.foldRightOverflows(Folding.kt:20)
	at com.harmellaw.kotlin.FoldingKt.foldRightOverflows(Folding.kt:20)
	at com.harmellaw.kotlin.FoldingKt.foldRightOverflows(Folding.kt:20)
	at com.harmellaw.kotlin.FoldingKt.foldRightOverflows(Folding.kt:20)
	at com.harmellaw.kotlin.FoldingKt.foldRightOverflows(Folding.kt:20)
	at com.harmellaw.kotlin.FoldingKt.foldRightOverflows(Folding.kt:20)
	at com.harmellaw.kotlin.FoldingKt.foldRightOverflows(Folding.kt:20)
	at com.harmellaw.kotlin.FoldingKt.foldRightOverflows(Folding.kt:20)
	at com.harmellaw.kotlin.FoldingKt.foldRightOverflows(Folding.kt:20)
	at com.harmellaw.kotlin.FoldingKt.foldRightOverflows(Folding.kt:20)
	at com.harmellaw.kotlin.FoldingKt.foldRightOverflows(Folding.kt:20)
	at com.harmellaw.kotlin.FoldingKt.foldRightOverflows(Folding.kt:20)
	at com.harmellaw.kotlin.FoldingKt.foldRightOverflows(Folding.kt:20)
	at com.harmellaw.kotlin.FoldingKt.foldRightOverflows(Folding.kt:20)
	at com.harmellaw.kotlin.FoldingKt.foldRightOverflows(Folding.kt:20)
	at com.harmellaw.kotlin.FoldingKt.foldRightOverflows(Folding.kt:20)
	at com.harmellaw.kotlin.FoldingKt.foldRightOverflows(Folding.kt:20)
	at com.harmellaw.kotlin.FoldingKt.foldRightOverflows(Folding.kt:20)
	at com.harmellaw.kotlin.FoldingKt.foldRightOverflows(Folding.kt:20)
	at com.harmellaw.kotlin.FoldingKt.foldRightOverflows(Folding.kt:20)
	at com.harmellaw.kotlin.FoldingKt.foldRightOverflows(Folding.kt:20)
	at com.harmellaw.kotlin.FoldingKt.foldRightOverflows(Folding.kt:20)
	at com.harmellaw.kotlin.FoldingKt.foldRightOverflows(Folding.kt:20)
	at com.harmellaw.kotlin.FoldingKt.foldRightOverflows(Folding.kt:20)
	at com.harmellaw.kotlin.FoldingKt.foldRightOverflows(Folding.kt:20)
	at com.harmellaw.kotlin.FoldingKt.foldRightOverflows(Folding.kt:20)
	at com.harmellaw.kotlin.FoldingKt.foldRightOverflows(Folding.kt:20)
	at com.harmellaw.kotlin.FoldingKt.foldRightOverflows(Folding.kt:20)
	at com.harmellaw.kotlin.FoldingKt.foldRightOverflows(Folding.kt:20)
	at com.harmellaw.kotlin.FoldingKt.foldRightOverflows(Folding.kt:20)
	at com.harmellaw.kotlin.FoldingKt.foldRightOverflows(Folding.kt:20)
	at com.harmellaw.kotlin.FoldingKt.foldRightOverflows(Folding.kt:20)
	at com.harmellaw.kotlin.FoldingKt.foldRightOverflows(Folding.kt:20)
	at com.harmellaw.kotlin.FoldingKt.foldRightOverflows(Folding.kt:20)
	at com.harmellaw.kotlin.FoldingKt.foldRightOverflows(Folding.kt:20)
	at com.harmellaw.kotlin.FoldingKt.foldRightOverflows(Folding.kt:20)
	at com.harmellaw.kotlin.FoldingKt.foldRightOverflows(Folding.kt:20)
	at com.harmellaw.kotlin.FoldingKt.foldRightOverflows(Folding.kt:20)
	at com.harmellaw.kotlin.FoldingKt.foldRightOverflows(Folding.kt:20)
	at com.harmellaw.kotlin.FoldingKt.foldRightOverflows(Folding.kt:20)
	at com.harmellaw.kotlin.FoldingKt.foldRightOverflows(Folding.kt:20)
	at com.harmellaw.kotlin.FoldingKt.foldRightOverflows(Folding.kt:20)
	at com.harmellaw.kotlin.FoldingKt.foldRightOverflows(Folding.kt:20)
	at com.harmellaw.kotlin.FoldingKt.foldRightOverflows(Folding.kt:20)
	at com.harmellaw.kotlin.FoldingKt.foldRightOverflows(Folding.kt:20)
	at com.harmellaw.kotlin.FoldingKt.foldRightOverflows(Folding.kt:20)
	at com.harmellaw.kotlin.FoldingKt.foldRightOverflows(Folding.kt:20)
	at com.harmellaw.kotlin.FoldingKt.foldRightOverflows(Folding.kt:20)
	at com.harmellaw.kotlin.FoldingKt.foldRightOverflows(Folding.kt:20)
	at com.harmellaw.kotlin.FoldingKt.foldRightOverflows(Folding.kt:20)
	at com.harmellaw.kotlin.FoldingKt.foldRightOverflows(Folding.kt:20)
	at com.harmellaw.kotlin.FoldingKt.foldRightOverflows(Folding.kt:20)
	at com.harmellaw.kotlin.FoldingKt.foldRightOverflows(Folding.kt:20)
	at com.harmellaw.kotlin.FoldingKt.foldRightOverflows(Folding.kt:20)
	at com.harmellaw.kotlin.FoldingKt.foldRightOverflows(Folding.kt:20)
	at com.harmellaw.kotlin.FoldingKt.foldRightOverflows(Folding.kt:20)
	at com.harmellaw.kotlin.FoldingKt.foldRightOverflows(Folding.kt:20)
	at com.harmellaw.kotlin.FoldingKt.foldRightOverflows(Folding.kt:20)
	at com.harmellaw.kotlin.FoldingKt.foldRightOverflows(Folding.kt:20)
	at com.harmellaw.kotlin.FoldingKt.foldRightOverflows(Folding.kt:20)
	at com.harmellaw.kotlin.FoldingKt.foldRightOverflows(Folding.kt:20)
	at com.harmellaw.kotlin.FoldingKt.foldRightOverflows(Folding.kt:20)
	at com.harmellaw.kotlin.FoldingKt.foldRightOverflows(Folding.kt:20)
	at com.harmellaw.kotlin.FoldingKt.foldRightOverflows(Folding.kt:20)
	at com.harmellaw.kotlin.FoldingKt.foldRightOverflows(Folding.kt:20)
	at com.harmellaw.kotlin.FoldingKt.foldRightOverflows(Folding.kt:20)
	at com.harmellaw.kotlin.FoldingKt.foldRightOverflows(Folding.kt:20)
	at com.harmellaw.kotlin.FoldingKt.foldRightOverflows(Folding.kt:20)
	at com.harmellaw.kotlin.FoldingKt.foldRightOverflows(Folding.kt:20)
	at com.harmellaw.kotlin.FoldingKt.foldRightOverflows(Folding.kt:20)
	at com.harmellaw.kotlin.FoldingKt.foldRightOverflows(Folding.kt:20)
	at com.harmellaw.kotlin.FoldingKt.foldRightOverflows(Folding.kt:20)
	at com.harmellaw.kotlin.FoldingKt.foldRightOverflows(Folding.kt:20)
	at com.harmellaw.kotlin.FoldingKt.foldRightOverflows(Folding.kt:20)
	at com.harmellaw.kotlin.FoldingKt.foldRightOverflows(Folding.kt:20)
	at com.harmellaw.kotlin.FoldingKt.foldRightOverflows(Folding.kt:20)
	at com.harmellaw.kotlin.FoldingKt.foldRightOverflows(Folding.kt:20)
	at com.harmellaw.kotlin.FoldingKt.foldRightOverflows(Folding.kt:20)
	at com.harmellaw.kotlin.FoldingKt.foldRightOverflows(Folding.kt:20)
	at com.harmellaw.kotlin.FoldingKt.foldRightOverflows(Folding.kt:20)
	at com.harmellaw.kotlin.FoldingKt.foldRightOverflows(Folding.kt:20)
	at com.harmellaw.kotlin.FoldingKt.foldRightOverflows(Folding.kt:20)
	at com.harmellaw.kotlin.FoldingKt.foldRightOverflows(Folding.kt:20)
	at com.harmellaw.kotlin.FoldingKt.foldRightOverflows(Folding.kt:20)
	at com.harmellaw.kotlin.FoldingKt.foldRightOverflows(Folding.kt:20)
	at com.harmellaw.kotlin.FoldingKt.foldRightOverflows(Folding.kt:20)
	at com.harmellaw.kotlin.FoldingKt.foldRightOverflows(Folding.kt:20)
	at com.harmellaw.kotlin.FoldingKt.foldRightOverflows(Folding.kt:20)
	at com.harmellaw.kotlin.FoldingKt.foldRightOverflows(Folding.kt:20)
	at com.harmellaw.kotlin.FoldingKt.foldRightOverflows(Folding.kt:20)
	at com.harmellaw.kotlin.FoldingKt.foldRightOverflows(Folding.kt:20)
	at com.harmellaw.kotlin.FoldingKt.foldRightOverflows(Folding.kt:20)
	at com.harmellaw.kotlin.FoldingKt.foldRightOverflows(Folding.kt:20)
	at com.harmellaw.kotlin.FoldingKt.foldRightOverflows(Folding.kt:20)
	at com.harmellaw.kotlin.FoldingKt.foldRightOverflows(Folding.kt:20)
	at com.harmellaw.kotlin.FoldingKt.foldRightOverflows(Folding.kt:20)
	at com.harmellaw.kotlin.FoldingKt.foldRightOverflows(Folding.kt:20)
	at com.harmellaw.kotlin.FoldingKt.foldRightOverflows(Folding.kt:20)
	at com.harmellaw.kotlin.FoldingKt.foldRightOverflows(Folding.kt:20)
	at com.harmellaw.kotlin.FoldingKt.foldRightOverflows(Folding.kt:20)
	at com.harmellaw.kotlin.FoldingKt.foldRightOverflows(Folding.kt:20)
	at com.harmellaw.kotlin.FoldingKt.foldRightOverflows(Folding.kt:20)
	at com.harmellaw.kotlin.FoldingKt.foldRightOverflows(Folding.kt:20)
	at com.harmellaw.kotlin.FoldingKt.foldRightOverflows(Folding.kt:20)
	at com.harmellaw.kotlin.FoldingKt.foldRightOverflows(Folding.kt:20)
	at com.harmellaw.kotlin.FoldingKt.foldRightOverflows(Folding.kt:20)
	at com.harmellaw.kotlin.FoldingKt.foldRightOverflows(Folding.kt:20)
	at com.harmellaw.kotlin.FoldingKt.foldRightOverflows(Folding.kt:20)
	at com.harmellaw.kotlin.FoldingKt.foldRightOverflows(Folding.kt:20)
	at com.harmellaw.kotlin.FoldingKt.foldRightOverflows(Folding.kt:20)
	at com.harmellaw.kotlin.FoldingKt.foldRightOverflows(Folding.kt:20)
	at com.harmellaw.kotlin.FoldingKt.foldRightOverflows(Folding.kt:20)
	at com.harmellaw.kotlin.FoldingKt.foldRightOverflows(Folding.kt:20)
	at com.harmellaw.kotlin.FoldingKt.foldRightOverflows(Folding.kt:20)
	at com.harmellaw.kotlin.FoldingKt.foldRightOverflows(Folding.kt:20)
	at com.harmellaw.kotlin.FoldingKt.foldRightOverflows(Folding.kt:20)
	at com.harmellaw.kotlin.FoldingKt.foldRightOverflows(Folding.kt:20)
	at com.harmellaw.kotlin.FoldingKt.foldRightOverflows(Folding.kt:20)
	at com.harmellaw.kotlin.FoldingKt.foldRightOverflows(Folding.kt:20)
	at com.harmellaw.kotlin.FoldingKt.foldRightOverflows(Folding.kt:20)
	at com.harmellaw.kotlin.FoldingKt.foldRightOverflows(Folding.kt:20)
	at com.harmellaw.kotlin.FoldingKt.foldRightOverflows(Folding.kt:20)
	at com.harmellaw.kotlin.FoldingKt.foldRightOverflows(Folding.kt:20)
	at com.harmellaw.kotlin.FoldingKt.foldRightOverflows(Folding.kt:20)
	at com.harmellaw.kotlin.FoldingKt.foldRightOverflows(Folding.kt:20)
	at com.harmellaw.kotlin.FoldingKt.foldRightOverflows(Folding.kt:20)
	at com.harmellaw.kotlin.FoldingKt.foldRightOverflows(Folding.kt:20)
	at com.harmellaw.kotlin.FoldingKt.foldRightOverflows(Folding.kt:20)
	at com.harmellaw.kotlin.FoldingKt.foldRightOverflows(Folding.kt:20)
	at com.harmellaw.kotlin.FoldingKt.foldRightOverflows(Folding.kt:20)
	at com.harmellaw.kotlin.FoldingKt.foldRightOverflows(Folding.kt:20)
	at com.harmellaw.kotlin.FoldingKt.foldRightOverflows(Folding.kt:20)
	at com.harmellaw.kotlin.FoldingKt.foldRightOverflows(Folding.kt:20)
	at com.harmellaw.kotlin.FoldingKt.foldRightOverflows(Folding.kt:20)
	at com.harmellaw.kotlin.FoldingKt.foldRightOverflows(Folding.kt:20)
	at com.harmellaw.kotlin.FoldingKt.foldRightOverflows(Folding.kt:20)
	at com.harmellaw.kotlin.FoldingKt.foldRightOverflows(Folding.kt:20)
	at com.harmellaw.kotlin.FoldingKt.foldRightOverflows(Folding.kt:20)
	at com.harmellaw.kotlin.FoldingKt.foldRightOverflows(Folding.kt:20)
	at com.harmellaw.kotlin.FoldingKt.foldRightOverflows(Folding.kt:20)
	at com.harmellaw.kotlin.FoldingKt.foldRightOverflows(Folding.kt:20)
	at com.harmellaw.kotlin.FoldingKt.foldRightOverflows(Folding.kt:20)
	at com.harmellaw.kotlin.FoldingKt.foldRightOverflows(Folding.kt:20)
	at com.harmellaw.kotlin.FoldingKt.foldRightOverflows(Folding.kt:20)
	at com.harmellaw.kotlin.FoldingKt.foldRightOverflows(Folding.kt:20)
	at com.harmellaw.kotlin.FoldingKt.foldRightOverflows(Folding.kt:20)
	at com.harmellaw.kotlin.FoldingKt.foldRightOverflows(Folding.kt:20)
	at com.harmellaw.kotlin.FoldingKt.foldRightOverflows(Folding.kt:20)
	at com.harmellaw.kotlin.FoldingKt.foldRightOverflows(Folding.kt:20)
	at com.harmellaw.kotlin.FoldingKt.foldRightOverflows(Folding.kt:20)
	at com.harmellaw.kotlin.FoldingKt.foldRightOverflows(Folding.kt:20)
	at com.harmellaw.kotlin.FoldingKt.foldRightOverflows(Folding.kt:20)
	at com.harmellaw.kotlin.FoldingKt.foldRightOverflows(Folding.kt:20)
	at com.harmellaw.kotlin.FoldingKt.foldRightOverflows(Folding.kt:20)
	at com.harmellaw.kotlin.FoldingKt.foldRightOverflows(Folding.kt:20)
	at com.harmellaw.kotlin.FoldingKt.foldRightOverflows(Folding.kt:20)
	at com.harmellaw.kotlin.FoldingKt.foldRightOverflows(Folding.kt:20)
	at com.harmellaw.kotlin.FoldingKt.foldRightOverflows(Folding.kt:20)
	at com.harmellaw.kotlin.FoldingKt.foldRightOverflows(Folding.kt:20)
	at com.harmellaw.kotlin.FoldingKt.foldRightOverflows(Folding.kt:20)
	at com.harmellaw.kotlin.FoldingKt.foldRightOverflows(Folding.kt:20)
	at com.harmellaw.kotlin.FoldingKt.foldRightOverflows(Folding.kt:20)
	at com.harmellaw.kotlin.FoldingKt.foldRightOverflows(Folding.kt:20)
	at com.harmellaw.kotlin.FoldingKt.foldRightOverflows(Folding.kt:20)
	at com.harmellaw.kotlin.FoldingKt.foldRightOverflows(Folding.kt:20)
	at com.harmellaw.kotlin.FoldingKt.foldRightOverflows(Folding.kt:20)
	at com.harmellaw.kotlin.FoldingKt.foldRightOverflows(Folding.kt:20)
	at com.harmellaw.kotlin.FoldingKt.foldRightOverflows(Folding.kt:20)
	at com.harmellaw.kotlin.FoldingKt.foldRightOverflows(Folding.kt:20)
	at com.harmellaw.kotlin.FoldingKt.foldRightOverflows(Folding.kt:20)
	at com.harmellaw.kotlin.FoldingKt.foldRightOverflows(Folding.kt:20)
	at com.harmellaw.kotlin.FoldingKt.foldRightOverflows(Folding.kt:20)
	at com.harmellaw.kotlin.FoldingKt.foldRightOverflows(Folding.kt:20)
	at com.harmellaw.kotlin.FoldingKt.foldRightOverflows(Folding.kt:20)
	at com.harmellaw.kotlin.FoldingKt.foldRightOverflows(Folding.kt:20)
	at com.harmellaw.kotlin.FoldingKt.foldRightOverflows(Folding.kt:20)
	at com.harmellaw.kotlin.FoldingKt.foldRightOverflows(Folding.kt:20)
	at com.harmellaw.kotlin.FoldingKt.foldRightOverflows(Folding.kt:20)
	at com.harmellaw.kotlin.FoldingKt.foldRightOverflows(Folding.kt:20)
	at com.harmellaw.kotlin.FoldingKt.foldRightOverflows(Folding.kt:20)
	at com.harmellaw.kotlin.FoldingKt.foldRightOverflows(Folding.kt:20)
	at com.harmellaw.kotlin.FoldingKt.foldRightOverflows(Folding.kt:20)
	at com.harmellaw.kotlin.FoldingKt.foldRightOverflows(Folding.kt:20)
	at com.harmellaw.kotlin.FoldingKt.foldRightOverflows(Folding.kt:20)
	at com.harmellaw.kotlin.FoldingKt.foldRightOverflows(Folding.kt:20)
	at com.harmellaw.kotlin.FoldingKt.foldRightOverflows(Folding.kt:20)
	at com.harmellaw.kotlin.FoldingKt.foldRightOverflows(Folding.kt:20)
	at com.harmellaw.kotlin.FoldingKt.foldRightOverflows(Folding.kt:20)
	at com.harmellaw.kotlin.FoldingKt.foldRightOverflows(Folding.kt:20)
	at com.harmellaw.kotlin.FoldingKt.foldRightOverflows(Folding.kt:20)
	at com.harmellaw.kotlin.FoldingKt.foldRightOverflows(Folding.kt:20)
	at com.harmellaw.kotlin.FoldingKt.foldRightOverflows(Folding.kt:20)
	at com.harmellaw.kotlin.FoldingKt.foldRightOverflows(Folding.kt:20)
	at com.harmellaw.kotlin.FoldingKt.foldRightOverflows(Folding.kt:20)
	at com.harmellaw.kotlin.FoldingKt.foldRightOverflows(Folding.kt:20)
	at com.harmellaw.kotlin.FoldingKt.foldRightOverflows(Folding.kt:20)
	at com.harmellaw.kotlin.FoldingKt.foldRightOverflows(Folding.kt:20)
	at com.harmellaw.kotlin.FoldingKt.foldRightOverflows(Folding.kt:20)
	at com.harmellaw.kotlin.FoldingKt.foldRightOverflows(Folding.kt:20)
	at com.harmellaw.kotlin.FoldingKt.foldRightOverflows(Folding.kt:20)
	at com.harmellaw.kotlin.FoldingKt.foldRightOverflows(Folding.kt:20)
	at com.harmellaw.kotlin.FoldingKt.foldRightOverflows(Folding.kt:20)
	at com.harmellaw.kotlin.FoldingKt.foldRightOverflows(Folding.kt:20)
	at com.harmellaw.kotlin.FoldingKt.foldRightOverflows(Folding.kt:20)
	at com.harmellaw.kotlin.FoldingKt.foldRightOverflows(Folding.kt:20)
	at com.harmellaw.kotlin.FoldingKt.foldRightOverflows(Folding.kt:20)
	at com.harmellaw.kotlin.FoldingKt.foldRightOverflows(Folding.kt:20)
	at com.harmellaw.kotlin.FoldingKt.foldRightOverflows(Folding.kt:20)
	at com.harmellaw.kotlin.FoldingKt.foldRightOverflows(Folding.kt:20)
	at com.harmellaw.kotlin.FoldingKt.foldRightOverflows(Folding.kt:20)
	at com.harmellaw.kotlin.FoldingKt.foldRightOverflows(Folding.kt:20)
	at com.harmellaw.kotlin.FoldingKt.foldRightOverflows(Folding.kt:20)
	at com.harmellaw.kotlin.FoldingKt.foldRightOverflows(Folding.kt:20)
	at com.harmellaw.kotlin.FoldingKt.foldRightOverflows(Folding.kt:20)
	at com.harmellaw.kotlin.FoldingKt.foldRightOverflows(Folding.kt:20)
	at com.harmellaw.kotlin.FoldingKt.foldRightOverflows(Folding.kt:20)
	at com.harmellaw.kotlin.FoldingKt.foldRightOverflows(Folding.kt:20)
	at com.harmellaw.kotlin.FoldingKt.foldRightOverflows(Folding.kt:20)
	at com.harmellaw.kotlin.FoldingKt.foldRightOverflows(Folding.kt:20)
	at com.harmellaw.kotlin.FoldingKt.foldRightOverflows(Folding.kt:20)
	at com.harmellaw.kotlin.FoldingKt.foldRightOverflows(Folding.kt:20)
	at com.harmellaw.kotlin.FoldingKt.foldRightOverflows(Folding.kt:20)
	at com.harmellaw.kotlin.FoldingKt.foldRightOverflows(Folding.kt:20)
	at com.harmellaw.kotlin.FoldingKt.foldRightOverflows(Folding.kt:20)
	at com.harmellaw.kotlin.FoldingKt.foldRightOverflows(Folding.kt:20)
	at com.harmellaw.kotlin.FoldingKt.foldRightOverflows(Folding.kt:20)
	at com.harmellaw.kotlin.FoldingKt.foldRightOverflows(Folding.kt:20)
	at com.harmellaw.kotlin.FoldingKt.foldRightOverflows(Folding.kt:20)
	at com.harmellaw.kotlin.FoldingKt.foldRightOverflows(Folding.kt:20)
	at com.harmellaw.kotlin.FoldingKt.foldRightOverflows(Folding.kt:20)
	at com.harmellaw.kotlin.FoldingKt.foldRightOverflows(Folding.kt:20)
	at com.harmellaw.kotlin.FoldingKt.foldRightOverflows(Folding.kt:20)
	at com.harmellaw.kotlin.FoldingKt.foldRightOverflows(Folding.kt:20)
	at com.harmellaw.kotlin.FoldingKt.foldRightOverflows(Folding.kt:20)
	at com.harmellaw.kotlin.FoldingKt.foldRightOverflows(Folding.kt:20)
	at com.harmellaw.kotlin.FoldingKt.foldRightOverflows(Folding.kt:20)
	at com.harmellaw.kotlin.FoldingKt.foldRightOverflows(Folding.kt:20)
	at com.harmellaw.kotlin.FoldingKt.foldRightOverflows(Folding.kt:20)
	at com.harmellaw.kotlin.FoldingKt.foldRightOverflows(Folding.kt:20)
	at com.harmellaw.kotlin.FoldingKt.foldRightOverflows(Folding.kt:20)
	at com.harmellaw.kotlin.FoldingKt.foldRightOverflows(Folding.kt:20)
	at com.harmellaw.kotlin.FoldingKt.foldRightOverflows(Folding.kt:20)
	at com.harmellaw.kotlin.FoldingKt.foldRightOverflows(Folding.kt:20)
	at com.harmellaw.kotlin.FoldingKt.foldRightOverflows(Folding.kt:20)
	at com.harmellaw.kotlin.FoldingKt.foldRightOverflows(Folding.kt:20)
	at com.harmellaw.kotlin.FoldingKt.foldRightOverflows(Folding.kt:20)
	at com.harmellaw.kotlin.FoldingKt.foldRightOverflows(Folding.kt:20)
	at com.harmellaw.kotlin.FoldingKt.foldRightOverflows(Folding.kt:20)
	at com.harmellaw.kotlin.FoldingKt.foldRightOverflows(Folding.kt:20)
	at com.harmellaw.kotlin.FoldingKt.foldRightOverflows(Folding.kt:20)
	at com.harmellaw.kotlin.FoldingKt.foldRightOverflows(Folding.kt:20)
	at com.harmellaw.kotlin.FoldingKt.foldRightOverflows(Folding.kt:20)
	at com.harmellaw.kotlin.FoldingKt.foldRightOverflows(Folding.kt:20)
	at com.harmellaw.kotlin.FoldingKt.foldRightOverflows(Folding.kt:20)
	at com.harmellaw.kotlin.FoldingKt.foldRightOverflows(Folding.kt:20)
	at com.harmellaw.kotlin.FoldingKt.foldRightOverflows(Folding.kt:20)
	at com.harmellaw.kotlin.FoldingKt.foldRightOverflows(Folding.kt:20)
	at com.harmellaw.kotlin.FoldingKt.foldRightOverflows(Folding.kt:20)
	at com.harmellaw.kotlin.FoldingKt.foldRightOverflows(Folding.kt:20)
	at com.harmellaw.kotlin.FoldingKt.foldRightOverflows(Folding.kt:20)
	at com.harmellaw.kotlin.FoldingKt.foldRightOverflows(Folding.kt:20)
	at com.harmellaw.kotlin.FoldingKt.foldRightOverflows(Folding.kt:20)
	at com.harmellaw.kotlin.FoldingKt.foldRightOverflows(Folding.kt:20)
	at com.harmellaw.kotlin.FoldingKt.foldRightOverflows(Folding.kt:20)
	at com.harmellaw.kotlin.FoldingKt.foldRightOverflows(Folding.kt:20)
	at com.harmellaw.kotlin.FoldingKt.foldRightOverflows(Folding.kt:20)
	at com.harmellaw.kotlin.FoldingKt.foldRightOverflows(Folding.kt:20)
	at com.harmellaw.kotlin.FoldingKt.foldRightOverflows(Folding.kt:20)
	at com.harmellaw.kotlin.FoldingKt.foldRightOverflows(Folding.kt:20)
	at com.harmellaw.kotlin.FoldingKt.foldRightOverflows(Folding.kt:20)
	at com.harmellaw.kotlin.FoldingKt.foldRightOverflows(Folding.kt:20)
	at com.harmellaw.kotlin.FoldingKt.foldRightOverflows(Folding.kt:20)
	at com.harmellaw.kotlin.FoldingKt.foldRightOverflows(Folding.kt:20)
	at com.harmellaw.kotlin.FoldingKt.foldRightOverflows(Folding.kt:20)
	at com.harmellaw.kotlin.FoldingKt.foldRightOverflows(Folding.kt:20)
	at com.harmellaw.kotlin.FoldingKt.foldRightOverflows(Folding.kt:20)
	at com.harmellaw.kotlin.FoldingKt.foldRightOverflows(Folding.kt:20)
	at com.harmellaw.kotlin.FoldingKt.foldRightOverflows(Folding.kt:20)
	at com.harmellaw.kotlin.FoldingKt.foldRightOverflows(Folding.kt:20)
	at com.harmellaw.kotlin.FoldingKt.foldRightOverflows(Folding.kt:20)
	at com.harmellaw.kotlin.FoldingKt.foldRightOverflows(Folding.kt:20)
	at com.harmellaw.kotlin.FoldingKt.foldRightOverflows(Folding.kt:20)
	at com.harmellaw.kotlin.FoldingKt.foldRightOverflows(Folding.kt:20)
	at com.harmellaw.kotlin.FoldingKt.foldRightOverflows(Folding.kt:20)
	at com.harmellaw.kotlin.FoldingKt.foldRightOverflows(Folding.kt:20)
	at com.harmellaw.kotlin.FoldingKt.foldRightOverflows(Folding.kt:20)
	at com.harmellaw.kotlin.FoldingKt.foldRightOverflows(Folding.kt:20)
	at com.harmellaw.kotlin.FoldingKt.foldRightOverflows(Folding.kt:20)
	at com.harmellaw.kotlin.FoldingKt.foldRightOverflows(Folding.kt:20)
	at com.harmellaw.kotlin.FoldingKt.foldRightOverflows(Folding.kt:20)
	at com.harmellaw.kotlin.FoldingKt.foldRightOverflows(Folding.kt:20)
	at com.harmellaw.kotlin.FoldingKt.foldRightOverflows(Folding.kt:20)
	at com.harmellaw.kotlin.FoldingKt.foldRightOverflows(Folding.kt:20)
	at com.harmellaw.kotlin.FoldingKt.foldRightOverflows(Folding.kt:20)
	at com.harmellaw.kotlin.FoldingKt.foldRightOverflows(Folding.kt:20)
	at com.harmellaw.kotlin.FoldingKt.foldRightOverflows(Folding.kt:20)
	at com.harmellaw.kotlin.FoldingKt.foldRightOverflows(Folding.kt:20)
	at com.harmellaw.kotlin.FoldingKt.foldRightOverflows(Folding.kt:20)
	at com.harmellaw.kotlin.FoldingKt.foldRightOverflows(Folding.kt:20)
	at com.harmellaw.kotlin.FoldingKt.foldRightOverflows(Folding.kt:20)
	at com.harmellaw.kotlin.FoldingKt.foldRightOverflows(Folding.kt:20)
	at com.harmellaw.kotlin.FoldingKt.foldRightOverflows(Folding.kt:20)
	at com.harmellaw.kotlin.FoldingKt.foldRightOverflows(Folding.kt:20)
	at com.harmellaw.kotlin.FoldingKt.foldRightOverflows(Folding.kt:20)
	at com.harmellaw.kotlin.FoldingKt.foldRightOverflows(Folding.kt:20)
	at com.harmellaw.kotlin.FoldingKt.foldRightOverflows(Folding.kt:20)
	at com.harmellaw.kotlin.FoldingKt.foldRightOverflows(Folding.kt:20)
	at com.harmellaw.kotlin.FoldingKt.foldRightOverflows(Folding.kt:20)
	at com.harmellaw.kotlin.FoldingKt.foldRightOverflows(Folding.kt:20)
	at com.harmellaw.kotlin.FoldingKt.foldRightOverflows(Folding.kt:20)
	at com.harmellaw.kotlin.FoldingKt.foldRightOverflows(Folding.kt:20)
	at com.harmellaw.kotlin.FoldingKt.foldRightOverflows(Folding.kt:20)
	at com.harmellaw.kotlin.FoldingKt.foldRightOverflows(Folding.kt:20)
	at com.harmellaw.kotlin.FoldingKt.foldRightOverflows(Folding.kt:20)
	at com.harmellaw.kotlin.FoldingKt.foldRightOverflows(Folding.kt:20)
	at com.harmellaw.kotlin.FoldingKt.foldRightOverflows(Folding.kt:20)
	at com.harmellaw.kotlin.FoldingKt.foldRightOverflows(Folding.kt:20)
	at com.harmellaw.kotlin.FoldingKt.foldRightOverflows(Folding.kt:20)
	at com.harmellaw.kotlin.FoldingKt.foldRightOverflows(Folding.kt:20)
	at com.harmellaw.kotlin.FoldingKt.foldRightOverflows(Folding.kt:20)
	at com.harmellaw.kotlin.FoldingKt.foldRightOverflows(Folding.kt:20)
	at com.harmellaw.kotlin.FoldingKt.foldRightOverflows(Folding.kt:20)
	at com.harmellaw.kotlin.FoldingKt.foldRightOverflows(Folding.kt:20)
	at com.harmellaw.kotlin.FoldingKt.foldRightOverflows(Folding.kt:20)
	at com.harmellaw.kotlin.FoldingKt.foldRightOverflows(Folding.kt:20)
	at com.harmellaw.kotlin.FoldingKt.foldRightOverflows(Folding.kt:20)
	at com.harmellaw.kotlin.FoldingKt.foldRightOverflows(Folding.kt:20)
	at com.harmellaw.kotlin.FoldingKt.foldRightOverflows(Folding.kt:20)
	at com.harmellaw.kotlin.FoldingKt.foldRightOverflows(Folding.kt:20)
	at com.harmellaw.kotlin.FoldingKt.foldRightOverflows(Folding.kt:20)
	at com.harmellaw.kotlin.FoldingKt.foldRightOverflows(Folding.kt:20)
	at com.harmellaw.kotlin.FoldingKt.foldRightOverflows(Folding.kt:20)
	at com.harmellaw.kotlin.FoldingKt.foldRightOverflows(Folding.kt:20)
	at com.harmellaw.kotlin.FoldingKt.foldRightOverflows(Folding.kt:20)
	at com.harmellaw.kotlin.FoldingKt.foldRightOverflows(Folding.kt:20)
	at com.harmellaw.kotlin.FoldingKt.foldRightOverflows(Folding.kt:20)
	at com.harmellaw.kotlin.FoldingKt.foldRightOverflows(Folding.kt:20)
	at com.harmellaw.kotlin.FoldingKt.foldRightOverflows(Folding.kt:20)
	at com.harmellaw.kotlin.FoldingKt.foldRightOverflows(Folding.kt:20)
	at com.harmellaw.kotlin.FoldingKt.foldRightOverflows(Folding.kt:20)
	at com.harmellaw.kotlin.FoldingKt.foldRightOverflows(Folding.kt:20)
	at com.harmellaw.kotlin.FoldingKt.foldRightOverflows(Folding.kt:20)
	at com.harmellaw.kotlin.FoldingKt.foldRightOverflows(Folding.kt:20)
	at com.harmellaw.kotlin.FoldingKt.foldRightOverflows(Folding.kt:20)
	at com.harmellaw.kotlin.FoldingKt.foldRightOverflows(Folding.kt:20)
	at com.harmellaw.kotlin.FoldingKt.foldRightOverflows(Folding.kt:20)
	at com.harmellaw.kotlin.FoldingKt.foldRightOverflows(Folding.kt:20)
	at com.harmellaw.kotlin.FoldingKt.foldRightOverflows(Folding.kt:20)
	at com.harmellaw.kotlin.FoldingKt.foldRightOverflows(Folding.kt:20)
	at com.harmellaw.kotlin.FoldingKt.foldRightOverflows(Folding.kt:20)
	at com.harmellaw.kotlin.FoldingKt.foldRightOverflows(Folding.kt:20)
	at com.harmellaw.kotlin.FoldingKt.foldRightOverflows(Folding.kt:20)
	at com.harmellaw.kotlin.FoldingKt.foldRightOverflows(Folding.kt:20)
	at com.harmellaw.kotlin.FoldingKt.foldRightOverflows(Folding.kt:20)
	at com.harmellaw.kotlin.FoldingKt.foldRightOverflows(Folding.kt:20)
	at com.harmellaw.kotlin.FoldingKt.foldRightOverflows(Folding.kt:20)
	at com.harmellaw.kotlin.FoldingKt.foldRightOverflows(Folding.kt:20)
	at com.harmellaw.kotlin.FoldingKt.foldRightOverflows(Folding.kt:20)
	at com.harmellaw.kotlin.FoldingKt.foldRightOverflows(Folding.kt:20)
	at com.harmellaw.kotlin.FoldingKt.foldRightOverflows(Folding.kt:20)
	at com.harmellaw.kotlin.FoldingKt.foldRightOverflows(Folding.kt:20)
	at com.harmellaw.kotlin.FoldingKt.foldRightOverflows(Folding.kt:20)
	at com.harmellaw.kotlin.FoldingKt.foldRightOverflows(Folding.kt:20)
	at com.harmellaw.kotlin.FoldingKt.foldRightOverflows(Folding.kt:20)
	at com.harmellaw.kotlin.FoldingKt.foldRightOverflows(Folding.kt:20)
	at com.harmellaw.kotlin.FoldingKt.foldRightOverflows(Folding.kt:20)
	at com.harmellaw.kotlin.FoldingKt.foldRightOverflows(Folding.kt:20)
	at com.harmellaw.kotlin.FoldingKt.foldRightOverflows(Folding.kt:20)
	at com.harmellaw.kotlin.FoldingKt.foldRightOverflows(Folding.kt:20)
	at com.harmellaw.kotlin.FoldingKt.foldRightOverflows(Folding.kt:20)
	at com.harmellaw.kotlin.FoldingKt.foldRightOverflows(Folding.kt:20)
	at com.harmellaw.kotlin.FoldingKt.foldRightOverflows(Folding.kt:20)
	at com.harmellaw.kotlin.FoldingKt.foldRightOverflows(Folding.kt:20)
	at com.harmellaw.kotlin.FoldingKt.foldRightOverflows(Folding.kt:20)
	at com.harmellaw.kotlin.FoldingKt.foldRightOverflows(Folding.kt:20)
	at com.harmellaw.kotlin.FoldingKt.foldRightOverflows(Folding.kt:20)
	at com.harmellaw.kotlin.FoldingKt.foldRightOverflows(Folding.kt:20)
	at com.harmellaw.kotlin.FoldingKt.foldRightOverflows(Folding.kt:20)
	at com.harmellaw.kotlin.FoldingKt.foldRightOverflows(Folding.kt:20)
	at com.harmellaw.kotlin.FoldingKt.foldRightOverflows(Folding.kt:20)
	at com.harmellaw.kotlin.FoldingKt.foldRightOverflows(Folding.kt:20)
	at com.harmellaw.kotlin.FoldingKt.foldRightOverflows(Folding.kt:20)
	at com.harmellaw.kotlin.FoldingKt.foldRightOverflows(Folding.kt:20)
	at com.harmellaw.kotlin.FoldingKt.foldRightOverflows(Folding.kt:20)
	at com.harmellaw.kotlin.FoldingKt.foldRightOverflows(Folding.kt:20)
	at com.harmellaw.kotlin.FoldingKt.foldRightOverflows(Folding.kt:20)
	at com.harmellaw.kotlin.FoldingKt.foldRightOverflows(Folding.kt:20)
	at com.harmellaw.kotlin.FoldingKt.foldRightOverflows(Folding.kt:20)
	at com.harmellaw.kotlin.FoldingKt.foldRightOverflows(Folding.kt:20)
	at com.harmellaw.kotlin.FoldingKt.foldRightOverflows(Folding.kt:20)
	at com.harmellaw.kotlin.FoldingKt.foldRightOverflows(Folding.kt:20)
	at com.harmellaw.kotlin.FoldingKt.foldRightOverflows(Folding.kt:20)
	at com.harmellaw.kotlin.FoldingKt.foldRightOverflows(Folding.kt:20)
	at com.harmellaw.kotlin.FoldingKt.foldRightOverflows(Folding.kt:20)
	at com.harmellaw.kotlin.FoldingKt.foldRightOverflows(Folding.kt:20)
	at com.harmellaw.kotlin.FoldingKt.foldRightOverflows(Folding.kt:20)
	at com.harmellaw.kotlin.FoldingKt.foldRightOverflows(Folding.kt:20)
	at com.harmellaw.kotlin.FoldingKt.foldRightOverflows(Folding.kt:20)
	at com.harmellaw.kotlin.FoldingKt.foldRightOverflows(Folding.kt:20)
	at com.harmellaw.kotlin.FoldingKt.foldRightOverflows(Folding.kt:20)
	at com.harmellaw.kotlin.FoldingKt.foldRightOverflows(Folding.kt:20)
	at com.harmellaw.kotlin.FoldingKt.foldRightOverflows(Folding.kt:20)
	at com.harmellaw.kotlin.FoldingKt.foldRightOverflows(Folding.kt:20)
	at com.harmellaw.kotlin.FoldingKt.foldRightOverflows(Folding.kt:20)
	at com.harmellaw.kotlin.FoldingKt.foldRightOverflows(Folding.kt:20)
	at com.harmellaw.kotlin.FoldingKt.foldRightOverflows(Folding.kt:20)
	at com.harmellaw.kotlin.FoldingKt.foldRightOverflows(Folding.kt:20)
	at com.harmellaw.kotlin.FoldingKt.foldRightOverflows(Folding.kt:20)
	at com.harmellaw.kotlin.FoldingKt.foldRightOverflows(Folding.kt:20)
	at com.harmellaw.kotlin.FoldingKt.foldRightOverflows(Folding.kt:20)
	at com.harmellaw.kotlin.FoldingKt.foldRightOverflows(Folding.kt:20)
	at com.harmellaw.kotlin.FoldingKt.foldRightOverflows(Folding.kt:20)
	at com.harmellaw.kotlin.FoldingKt.foldRightOverflows(Folding.kt:20)
	at com.harmellaw.kotlin.FoldingKt.foldRightOverflows(Folding.kt:20)
	at com.harmellaw.kotlin.FoldingKt.foldRightOverflows(Folding.kt:20)
	at com.harmellaw.kotlin.FoldingKt.foldRightOverflows(Folding.kt:20)
	at com.harmellaw.kotlin.FoldingKt.foldRightOverflows(Folding.kt:20)
	at com.harmellaw.kotlin.FoldingKt.foldRightOverflows(Folding.kt:20)
	at com.harmellaw.kotlin.FoldingKt.foldRightOverflows(Folding.kt:20)
	at com.harmellaw.kotlin.FoldingKt.foldRightOverflows(Folding.kt:20)
	at com.harmellaw.kotlin.FoldingKt.foldRightOverflows(Folding.kt:20)
	at com.harmellaw.kotlin.FoldingKt.foldRightOverflows(Folding.kt:20)
	at com.harmellaw.kotlin.FoldingKt.foldRightOverflows(Folding.kt:20)
	at com.harmellaw.kotlin.FoldingKt.foldRightOverflows(Folding.kt:20)
	at com.harmellaw.kotlin.FoldingKt.foldRightOverflows(Folding.kt:20)
	at com.harmellaw.kotlin.FoldingKt.foldRightOverflows(Folding.kt:20)
	at com.harmellaw.kotlin.FoldingKt.foldRightOverflows(Folding.kt:20)
	at com.harmellaw.kotlin.FoldingKt.foldRightOverflows(Folding.kt:20)
	at com.harmellaw.kotlin.FoldingKt.foldRightOverflows(Folding.kt:20)
	at com.harmellaw.kotlin.FoldingKt.foldRightOverflows(Folding.kt:20)
	at com.harmellaw.kotlin.FoldingKt.foldRightOverflows(Folding.kt:20)
	at com.harmellaw.kotlin.FoldingKt.foldRightOverflows(Folding.kt:20)
	at com.harmellaw.kotlin.FoldingKt.foldRightOverflows(Folding.kt:20)
	at com.harmellaw.kotlin.FoldingKt.foldRightOverflows(Folding.kt:20)
	at com.harmellaw.kotlin.FoldingKt.foldRightOverflows(Folding.kt:20)
	at com.harmellaw.kotlin.FoldingKt.foldRightOverflows(Folding.kt:20)
	at com.harmellaw.kotlin.FoldingKt.foldRightOverflows(Folding.kt:20)
	at com.harmellaw.kotlin.FoldingKt.foldRightOverflows(Folding.kt:20)
	at com.harmellaw.kotlin.FoldingKt.foldRightOverflows(Folding.kt:20)
	at com.harmellaw.kotlin.FoldingKt.foldRightOverflows(Folding.kt:20)
	at com.harmellaw.kotlin.FoldingKt.foldRightOverflows(Folding.kt:20)
	at com.harmellaw.kotlin.FoldingKt.foldRightOverflows(Folding.kt:20)
	at com.harmellaw.kotlin.FoldingKt.foldRightOverflows(Folding.kt:20)
	at com.harmellaw.kotlin.FoldingKt.foldRightOverflows(Folding.kt:20)
	at com.harmellaw.kotlin.FoldingKt.foldRightOverflows(Folding.kt:20)
	at com.harmellaw.kotlin.FoldingKt.foldRightOverflows(Folding.kt:20)
	at com.harmellaw.kotlin.FoldingKt.foldRightOverflows(Folding.kt:20)
	at com.harmellaw.kotlin.FoldingKt.foldRightOverflows(Folding.kt:20)
	at com.harmellaw.kotlin.FoldingKt.foldRightOverflows(Folding.kt:20)
	at com.harmellaw.kotlin.FoldingKt.foldRightOverflows(Folding.kt:20)
	at com.harmellaw.kotlin.FoldingKt.foldRightOverflows(Folding.kt:20)
	at com.harmellaw.kotlin.FoldingKt.foldRightOverflows(Folding.kt:20)
	at com.harmellaw.kotlin.FoldingKt.foldRightOverflows(Folding.kt:20)
	at com.harmellaw.kotlin.FoldingKt.foldRightOverflows(Folding.kt:20)
	at com.harmellaw.kotlin.FoldingKt.foldRightOverflows(Folding.kt:20)
	at com.harmellaw.kotlin.FoldingKt.foldRightOverflows(Folding.kt:20)
	at com.harmellaw.kotlin.FoldingKt.foldRightOverflows(Folding.kt:20)
	at com.harmellaw.kotlin.FoldingKt.foldRightOverflows(Folding.kt:20)
	at com.harmellaw.kotlin.FoldingKt.foldRightOverflows(Folding.kt:20)
	at com.harmellaw.kotlin.FoldingKt.foldRightOverflows(Folding.kt:20)
	at com.harmellaw.kotlin.FoldingKt.foldRightOverflows(Folding.kt:20)
	at com.harmellaw.kotlin.FoldingKt.foldRightOverflows(Folding.kt:20)
	at com.harmellaw.kotlin.FoldingKt.foldRightOverflows(Folding.kt:20)
	at com.harmellaw.kotlin.FoldingKt.foldRightOverflows(Folding.kt:20)
	at com.harmellaw.kotlin.FoldingKt.foldRightOverflows(Folding.kt:20)
	at com.harmellaw.kotlin.FoldingKt.foldRightOverflows(Folding.kt:20)
	at com.harmellaw.kotlin.FoldingKt.foldRightOverflows(Folding.kt:20)
	at com.harmellaw.kotlin.FoldingKt.foldRightOverflows(Folding.kt:20)
	at com.harmellaw.kotlin.FoldingKt.foldRightOverflows(Folding.kt:20)
	at com.harmellaw.kotlin.FoldingKt.foldRightOverflows(Folding.kt:20)
	at com.harmellaw.kotlin.FoldingKt.foldRightOverflows(Folding.kt:20)
	at com.harmellaw.kotlin.FoldingKt.foldRightOverflows(Folding.kt:20)
	at com.harmellaw.kotlin.FoldingKt.foldRightOverflows(Folding.kt:20)
	at com.harmellaw.kotlin.FoldingKt.foldRightOverflows(Folding.kt:20)
	at com.harmellaw.kotlin.FoldingKt.foldRightOverflows(Folding.kt:20)
	at com.harmellaw.kotlin.FoldingKt.foldRightOverflows(Folding.kt:20)
	at com.harmellaw.kotlin.FoldingKt.foldRightOverflows(Folding.kt:20)
	at com.harmellaw.kotlin.FoldingKt.foldRightOverflows(Folding.kt:20)
	at com.harmellaw.kotlin.FoldingKt.foldRightOverflows(Folding.kt:20)
	at com.harmellaw.kotlin.FoldingKt.foldRightOverflows(Folding.kt:20)
	at com.harmellaw.kotlin.FoldingKt.foldRightOverflows(Folding.kt:20)
	at com.harmellaw.kotlin.FoldingKt.foldRightOverflows(Folding.kt:20)
	at com.harmellaw.kotlin.FoldingKt.foldRightOverflows(Folding.kt:20)
	at com.harmellaw.kotlin.FoldingKt.foldRightOverflows(Folding.kt:20)
	at com.harmellaw.kotlin.FoldingKt.foldRightOverflows(Folding.kt:20)
	at com.harmellaw.kotlin.FoldingKt.foldRightOverflows(Folding.kt:20)
	at com.harmellaw.kotlin.FoldingKt.foldRightOverflows(Folding.kt:20)
	at com.harmellaw.kotlin.FoldingKt.foldRightOverflows(Folding.kt:20)
	at com.harmellaw.kotlin.FoldingKt.foldRightOverflows(Folding.kt:20)
	at com.harmellaw.kotlin.FoldingKt.foldRightOverflows(Folding.kt:20)
	at com.harmellaw.kotlin.FoldingKt.foldRightOverflows(Folding.kt:20)
	at com.harmellaw.kotlin.FoldingKt.foldRightOverflows(Folding.kt:20)
	at com.harmellaw.kotlin.FoldingKt.foldRightOverflows(Folding.kt:20)
	at com.harmellaw.kotlin.FoldingKt.foldRightOverflows(Folding.kt:20)
	at com.harmellaw.kotlin.FoldingKt.foldRightOverflows(Folding.kt:20)
	at com.harmellaw.kotlin.FoldingKt.foldRightOverflows(Folding.kt:20)
	at com.harmellaw.kotlin.FoldingKt.foldRightOverflows(Folding.kt:20)
	at com.harmellaw.kotlin.FoldingKt.foldRightOverflows(Folding.kt:20)
	at com.harmellaw.kotlin.FoldingKt.foldRightOverflows(Folding.kt:20)
	at com.harmellaw.kotlin.FoldingKt.foldRightOverflows(Folding.kt:20)
	at com.harmellaw.kotlin.FoldingKt.foldRightOverflows(Folding.kt:20)
	at com.harmellaw.kotlin.FoldingKt.foldRightOverflows(Folding.kt:20)
	at com.harmellaw.kotlin.FoldingKt.foldRightOverflows(Folding.kt:20)
	at com.harmellaw.kotlin.FoldingKt.foldRightOverflows(Folding.kt:20)
	at com.harmellaw.kotlin.FoldingKt.foldRightOverflows(Folding.kt:20)
	at com.harmellaw.kotlin.FoldingKt.foldRightOverflows(Folding.kt:20)
	at com.harmellaw.kotlin.FoldingKt.foldRightOverflows(Folding.kt:20)
	at com.harmellaw.kotlin.FoldingKt.foldRightOverflows(Folding.kt:20)
	at com.harmellaw.kotlin.FoldingKt.foldRightOverflows(Folding.kt:20)
	at com.harmellaw.kotlin.FoldingKt.foldRightOverflows(Folding.kt:20)
	at com.harmellaw.kotlin.FoldingKt.foldRightOverflows(Folding.kt:20)
	at com.harmellaw.kotlin.FoldingKt.foldRightOverflows(Folding.kt:20)
	at com.harmellaw.kotlin.FoldingKt.foldRightOverflows(Folding.kt:20)
	at com.harmellaw.kotlin.FoldingKt.foldRightOverflows(Folding.kt:20)
	at com.harmellaw.kotlin.FoldingKt.foldRightOverflows(Folding.kt:20)
	at com.harmellaw.kotlin.FoldingKt.foldRightOverflows(Folding.kt:20)
	at com.harmellaw.kotlin.FoldingKt.foldRightOverflows(Folding.kt:20)
	at com.harmellaw.kotlin.FoldingKt.foldRightOverflows(Folding.kt:20)
	at com.harmellaw.kotlin.FoldingKt.foldRightOverflows(Folding.kt:20)
	at com.harmellaw.kotlin.FoldingKt.foldRightOverflows(Folding.kt:20)
	at com.harmellaw.kotlin.FoldingKt.foldRightOverflows(Folding.kt:20)
	at com.harmellaw.kotlin.FoldingKt.foldRightOverflows(Folding.kt:20)
	at com.harmellaw.kotlin.FoldingKt.foldRightOverflows(Folding.kt:20)
	at com.harmellaw.kotlin.FoldingKt.foldRightOverflows(Folding.kt:20)
	at com.harmellaw.kotlin.FoldingKt.foldRightOverflows(Folding.kt:20)
	at com.harmellaw.kotlin.FoldingKt.foldRightOverflows(Folding.kt:20)
	at com.harmellaw.kotlin.FoldingKt.foldRightOverflows(Folding.kt:20)
	at com.harmellaw.kotlin.FoldingKt.foldRightOverflows(Folding.kt:20)
	at com.harmellaw.kotlin.FoldingKt.foldRightOverflows(Folding.kt:20)
	at com.harmellaw.kotlin.FoldingKt.foldRightOverflows(Folding.kt:20)
	at com.harmellaw.kotlin.FoldingKt.foldRightOverflows(Folding.kt:20)
	at com.harmellaw.kotlin.FoldingKt.foldRightOverflows(Folding.kt:20)
	at com.harmellaw.kotlin.FoldingKt.foldRightOverflows(Folding.kt:20)
	at com.harmellaw.kotlin.FoldingKt.foldRightOverflows(Folding.kt:20)
	at com.harmellaw.kotlin.FoldingKt.foldRightOverflows(Folding.kt:20)
	at com.harmellaw.kotlin.FoldingKt.foldRightOverflows(Folding.kt:20)
	at com.harmellaw.kotlin.FoldingKt.foldRightOverflows(Folding.kt:20)
	at com.harmellaw.kotlin.FoldingKt.foldRightOverflows(Folding.kt:20)
	at com.harmellaw.kotlin.FoldingKt.foldRightOverflows(Folding.kt:20)
</failure>
  </testcase>
  <testcase name="fold on a single-item list yields the result of folding that item into the seed()" classname="FoldRightTests" time="0.001"/>
  <system-out><![CDATA[]]></system-out>
  <system-err><![CDATA[]]></system-err>
</testsuite>
