<?xml version="1.0" encoding="UTF-8"?>
<testsuite name="FoldRightTests" tests="6" skipped="0" failures="0" errors="0" timestamp="2020-03-15T20:32:26" hostname="Andrews-MBP-2.lan" time="0.733">
  <properties/>
  <testcase name="folding right on a very large list stack overflows()" classname="FoldRightTests" time="0.384"/>
  <testcase name="Product of two integers()" classname="FoldRightTests" time="0.001"/>
  <testcase name="folding right on an empty list yields the seed no matter what the function()" classname="FoldRightTests" time="0.001"/>
  <testcase name="folding right when we implement using fold left doesn't stack overflow()" classname="FoldRightTests" time="0.343"/>
  <testcase name="folding right on a single-item list yields the result of folding that item into the seed()" classname="FoldRightTests" time="0.001"/>
  <testcase name="folding on a two-item list yields the seed times the first item times the second list()" classname="FoldRightTests" time="0.001"/>
  <system-out><![CDATA[]]></system-out>
  <system-err><![CDATA[]]></system-err>
</testsuite>
